0 info it worked if it ends with ok
1 verbose cli [ 'C:\\Program Files\\nodejs\\\\node.exe',
1 verbose cli   'C:\\Program Files\\nodejs\\node_modules\\npm\\bin\\npm-cli.js',
1 verbose cli   'install',
1 verbose cli   'mongodb' ]
2 info using npm@1.4.21
3 info using node@v0.10.30
4 verbose node symlink C:\Program Files\nodejs\\node.exe
5 verbose readDependencies using package.json deps
6 verbose cache add [ 'mongodb', null ]
7 verbose cache add name=undefined spec="mongodb" args=["mongodb",null]
8 verbose parsed url { protocol: null,
8 verbose parsed url   slashes: null,
8 verbose parsed url   auth: null,
8 verbose parsed url   host: null,
8 verbose parsed url   port: null,
8 verbose parsed url   hostname: null,
8 verbose parsed url   hash: null,
8 verbose parsed url   search: null,
8 verbose parsed url   query: null,
8 verbose parsed url   pathname: 'mongodb',
8 verbose parsed url   path: 'mongodb',
8 verbose parsed url   href: 'mongodb' }
9 silly lockFile 7f1c982e-mongodb mongodb
10 verbose lock mongodb C:\Users\Huanxin\AppData\Roaming\npm-cache\7f1c982e-mongodb.lock
11 silly lockFile 7f1c982e-mongodb mongodb
12 silly lockFile 7f1c982e-mongodb mongodb
13 verbose addNamed [ 'mongodb', '' ]
14 verbose addNamed [ null, '*' ]
15 silly lockFile 886df635-mongodb mongodb@
16 verbose lock mongodb@ C:\Users\Huanxin\AppData\Roaming\npm-cache\886df635-mongodb.lock
17 silly addNameRange { name: 'mongodb', range: '*', hasData: false }
18 verbose request where is /mongodb
19 verbose request registry https://registry.npmjs.org/
20 verbose request id 05b1001677545292
21 verbose url raw /mongodb
22 verbose url resolving [ 'https://registry.npmjs.org/', './mongodb' ]
23 verbose url resolved https://registry.npmjs.org/mongodb
24 verbose request where is https://registry.npmjs.org/mongodb
25 info trying registry request attempt 1 at 15:06:41
26 http GET https://registry.npmjs.org/mongodb
27 http 200 https://registry.npmjs.org/mongodb
28 silly registry.get cb [ 200,
28 silly registry.get   { date: 'Wed, 13 Aug 2014 22:06:43 GMT',
28 silly registry.get     server: 'CouchDB/1.5.0 (Erlang OTP/R16B03)',
28 silly registry.get     etag: '"5AVZF1BU5SGNU1I5X86CLKCO2"',
28 silly registry.get     'content-type': 'application/json',
28 silly registry.get     'cache-control': 'max-age=60',
28 silly registry.get     'content-length': '341824',
28 silly registry.get     'accept-ranges': 'bytes',
28 silly registry.get     via: '1.1 varnish',
28 silly registry.get     age: '503',
28 silly registry.get     'x-served-by': 'cache-lax1431-LAX',
28 silly registry.get     'x-cache': 'HIT',
28 silly registry.get     'x-cache-hits': '2',
28 silly registry.get     'x-timer': 'S1407967603.550159,VS0,VE0',
28 silly registry.get     vary: 'Accept',
28 silly registry.get     'keep-alive': 'timeout=10, max=50',
28 silly registry.get     connection: 'Keep-Alive' } ]
29 silly addNameRange number 2 { name: 'mongodb', range: '*', hasData: true }
30 silly addNameRange versions [ 'mongodb',
30 silly addNameRange   [ '0.9.4',
30 silly addNameRange     '0.9.4-4',
30 silly addNameRange     '0.9.3',
30 silly addNameRange     '0.9.1',
30 silly addNameRange     '0.9.2',
30 silly addNameRange     '0.9.6-7',
30 silly addNameRange     '0.9.6-8',
30 silly addNameRange     '0.9.6-9',
30 silly addNameRange     '0.9.6-10',
30 silly addNameRange     '0.9.6-11',
30 silly addNameRange     '0.9.6-12',
30 silly addNameRange     '0.9.6-13',
30 silly addNameRange     '0.9.6-14',
30 silly addNameRange     '0.9.6-15',
30 silly addNameRange     '0.9.6-16',
30 silly addNameRange     '0.9.6-17',
30 silly addNameRange     '0.9.6-18',
30 silly addNameRange     '0.9.6-19',
30 silly addNameRange     '0.9.6-20',
30 silly addNameRange     '0.9.6-21',
30 silly addNameRange     '0.9.6-22',
30 silly addNameRange     '0.9.6-23',
30 silly addNameRange     '0.9.7',
30 silly addNameRange     '0.9.7-0',
30 silly addNameRange     '0.9.7-1',
30 silly addNameRange     '0.9.7-1.1',
30 silly addNameRange     '0.9.7-1.2',
30 silly addNameRange     '0.9.7-1.3',
30 silly addNameRange     '0.9.7-1.4',
30 silly addNameRange     '0.9.7-2',
30 silly addNameRange     '0.9.7-2-1',
30 silly addNameRange     '0.9.7-2-2',
30 silly addNameRange     '0.9.7-2-3',
30 silly addNameRange     '0.9.7-2-4',
30 silly addNameRange     '0.9.7-2-5',
30 silly addNameRange     '0.9.7-3',
30 silly addNameRange     '0.9.7-3-1',
30 silly addNameRange     '0.9.7-3-2',
30 silly addNameRange     '0.9.7-3-3',
30 silly addNameRange     '0.9.7-3-4',
30 silly addNameRange     '0.9.7-3-5',
30 silly addNameRange     '0.9.8',
30 silly addNameRange     '0.9.8-1',
30 silly addNameRange     '0.9.8-2',
30 silly addNameRange     '0.9.8-3',
30 silly addNameRange     '0.9.8-4',
30 silly addNameRange     '0.9.8-5',
30 silly addNameRange     '0.9.8-6',
30 silly addNameRange     '0.9.8-7',
30 silly addNameRange     '0.9.9',
30 silly addNameRange     '0.9.9-1',
30 silly addNameRange     '0.9.9-2',
30 silly addNameRange     '0.9.9-3',
30 silly addNameRange     '0.9.9-4',
30 silly addNameRange     '0.9.9-5',
30 silly addNameRange     '0.9.9-6',
30 silly addNameRange     '0.9.9-7',
30 silly addNameRange     '0.9.9-8',
30 silly addNameRange     '1.0.0',
30 silly addNameRange     '1.0.1',
30 silly addNameRange     '1.0.2',
30 silly addNameRange     '1.1.0-beta',
30 silly addNameRange     '1.1.0',
30 silly addNameRange     '1.1.1',
30 silly addNameRange     '1.1.2',
30 silly addNameRange     '1.1.3',
30 silly addNameRange     '1.1.4',
30 silly addNameRange     '1.1.5',
30 silly addNameRange     '1.1.6',
30 silly addNameRange     '1.1.7',
30 silly addNameRange     '1.1.8',
30 silly addNameRange     '1.1.9',
30 silly addNameRange     '1.1.10',
30 silly addNameRange     '1.1.11',
30 silly addNameRange     '1.2.0',
30 silly addNameRange     '1.2.1',
30 silly addNameRange     '1.2.2',
30 silly addNameRange     '1.2.3',
30 silly addNameRange     '1.2.4',
30 silly addNameRange     '1.2.5',
30 silly addNameRange     '1.2.6',
30 silly addNameRange     '1.2.7',
30 silly addNameRange     '1.2.8',
30 silly addNameRange     '1.2.9',
30 silly addNameRange     '1.2.10',
30 silly addNameRange     '1.2.11',
30 silly addNameRange     '1.2.12',
30 silly addNameRange     '1.2.13',
30 silly addNameRange     '1.2.14',
30 silly addNameRange     '1.3.0',
30 silly addNameRange     '1.3.1',
30 silly addNameRange     '1.3.2',
30 silly addNameRange     '1.3.3',
30 silly addNameRange     '1.3.4',
30 silly addNameRange     '1.3.5',
30 silly addNameRange     '1.3.6',
30 silly addNameRange     '1.3.7',
30 silly addNameRange     '1.3.8',
30 silly addNameRange     '1.3.9',
30 silly addNameRange     '1.3.10',
30 silly addNameRange     '1.3.11',
30 silly addNameRange     '1.3.12',
30 silly addNameRange     '1.3.14',
30 silly addNameRange     '1.3.15',
30 silly addNameRange     '1.3.17',
30 silly addNameRange     '1.3.18',
30 silly addNameRange     '1.3.19',
30 silly addNameRange     '1.4.0-rc2',
30 silly addNameRange     '1.3.20',
30 silly addNameRange     '1.4.0-rc3',
30 silly addNameRange     '1.3.21',
30 silly addNameRange     '1.3.22',
30 silly addNameRange     '1.3.23',
30 silly addNameRange     '1.4.0-rc4',
30 silly addNameRange     '1.4.0-rc5',
30 silly addNameRange     '1.4.0-rc6',
30 silly addNameRange     '1.4.0-rc7',
30 silly addNameRange     '1.4.0-rc8',
30 silly addNameRange     '1.4.0-rc9',
30 silly addNameRange     '1.4.0-rc10',
30 silly addNameRange     '1.4.0',
30 silly addNameRange     '1.4.1',
30 silly addNameRange     '1.4.2',
30 silly addNameRange     '1.4.3',
30 silly addNameRange     '1.4.4',
30 silly addNameRange     '1.4.5',
30 silly addNameRange     '1.4.6',
30 silly addNameRange     '1.4.7',
30 silly addNameRange     '1.4.8' ] ]
31 verbose addNamed [ 'mongodb', '1.4.8' ]
32 verbose addNamed [ '1.4.8', '1.4.8' ]
33 silly lockFile 1357d5ae-mongodb-1-4-8 mongodb@1.4.8
34 verbose lock mongodb@1.4.8 C:\Users\Huanxin\AppData\Roaming\npm-cache\1357d5ae-mongodb-1-4-8.lock
35 silly lockFile b3b3b4c3-js-org-mongodb-mongodb-1-4-8-tgz https://registry.npmjs.org/mongodb/-/mongodb-1.4.8.tgz
36 verbose lock https://registry.npmjs.org/mongodb/-/mongodb-1.4.8.tgz C:\Users\Huanxin\AppData\Roaming\npm-cache\b3b3b4c3-js-org-mongodb-mongodb-1-4-8-tgz.lock
37 verbose addRemoteTarball [ 'https://registry.npmjs.org/mongodb/-/mongodb-1.4.8.tgz',
37 verbose addRemoteTarball   '808802e296f78e5062ef46a87a90abd68031552f' ]
38 info retry fetch attempt 1 at 15:06:42
39 verbose fetch to= C:\Users\Huanxin\AppData\Local\Temp\npm-9944-KphYtJgE\registry.npmjs.org\mongodb\-\mongodb-1.4.8.tgz
40 http GET https://registry.npmjs.org/mongodb/-/mongodb-1.4.8.tgz
41 http 200 https://registry.npmjs.org/mongodb/-/mongodb-1.4.8.tgz
42 silly lockFile b3b3b4c3-js-org-mongodb-mongodb-1-4-8-tgz https://registry.npmjs.org/mongodb/-/mongodb-1.4.8.tgz
43 silly lockFile b3b3b4c3-js-org-mongodb-mongodb-1-4-8-tgz https://registry.npmjs.org/mongodb/-/mongodb-1.4.8.tgz
44 silly lockFile 1357d5ae-mongodb-1-4-8 mongodb@1.4.8
45 silly lockFile 1357d5ae-mongodb-1-4-8 mongodb@1.4.8
46 silly lockFile 886df635-mongodb mongodb@
47 silly lockFile 886df635-mongodb mongodb@
48 silly resolved [ { name: 'mongodb',
48 silly resolved     description: 'A node.js driver for MongoDB',
48 silly resolved     keywords: [ 'mongodb', 'mongo', 'driver', 'db' ],
48 silly resolved     version: '1.4.8',
48 silly resolved     author: { name: 'Christian Amor Kvalheim', email: 'christkv@gmail.com' },
48 silly resolved     contributors:
48 silly resolved      [ [Object],
48 silly resolved        [Object],
48 silly resolved        [Object],
48 silly resolved        [Object],
48 silly resolved        [Object],
48 silly resolved        [Object],
48 silly resolved        [Object],
48 silly resolved        [Object],
48 silly resolved        [Object],
48 silly resolved        [Object],
48 silly resolved        [Object],
48 silly resolved        [Object],
48 silly resolved        [Object],
48 silly resolved        [Object],
48 silly resolved        [Object],
48 silly resolved        [Object],
48 silly resolved        [Object],
48 silly resolved        [Object],
48 silly resolved        [Object],
48 silly resolved        [Object],
48 silly resolved        [Object],
48 silly resolved        [Object],
48 silly resolved        [Object],
48 silly resolved        [Object],
48 silly resolved        [Object],
48 silly resolved        [Object],
48 silly resolved        [Object],
48 silly resolved        [Object],
48 silly resolved        [Object],
48 silly resolved        [Object],
48 silly resolved        [Object],
48 silly resolved        [Object],
48 silly resolved        [Object],
48 silly resolved        [Object],
48 silly resolved        [Object],
48 silly resolved        [Object],
48 silly resolved        [Object],
48 silly resolved        [Object],
48 silly resolved        [Object],
48 silly resolved        [Object],
48 silly resolved        [Object],
48 silly resolved        [Object],
48 silly resolved        [Object],
48 silly resolved        [Object],
48 silly resolved        [Object],
48 silly resolved        [Object],
48 silly resolved        [Object],
48 silly resolved        [Object],
48 silly resolved        [Object],
48 silly resolved        [Object],
48 silly resolved        [Object],
48 silly resolved        [Object],
48 silly resolved        [Object],
48 silly resolved        [Object] ],
48 silly resolved     repository:
48 silly resolved      { type: 'git',
48 silly resolved        url: 'http://github.com/mongodb/node-mongodb-native.git' },
48 silly resolved     bugs: { url: 'http://github.com/mongodb/node-mongodb-native/issues' },
48 silly resolved     dependencies:
48 silly resolved      { bson: '0.2.11',
48 silly resolved        kerberos: '0.0.3',
48 silly resolved        'readable-stream': 'latest' },
48 silly resolved     devDependencies:
48 silly resolved      { dox: '0.4.4',
48 silly resolved        'uglify-js': '1.2.5',
48 silly resolved        ejs: '0.6.1',
48 silly resolved        request: '2.12.0',
48 silly resolved        nodeunit: '0.7.3',
48 silly resolved        markdown: '0.3.1',
48 silly resolved        gleak: '0.2.3',
48 silly resolved        step: '0.0.5',
48 silly resolved        async: '0.1.22',
48 silly resolved        integra: '0.0.3',
48 silly resolved        optimist: 'latest' },
48 silly resolved     optionalDependencies: { kerberos: '0.0.3', 'readable-stream': 'latest' },
48 silly resolved     config: { native: false },
48 silly resolved     main: './lib/mongodb/index',
48 silly resolved     homepage: 'http://mongodb.github.com/node-mongodb-native/',
48 silly resolved     directories: { lib: './lib/mongodb' },
48 silly resolved     engines: { node: '>=0.6.19' },
48 silly resolved     scripts: { test: 'make test_functional' },
48 silly resolved     licenses: [ [Object] ],
48 silly resolved     _id: 'mongodb@1.4.8',
48 silly resolved     dist:
48 silly resolved      { shasum: '808802e296f78e5062ef46a87a90abd68031552f',
48 silly resolved        tarball: 'http://registry.npmjs.org/mongodb/-/mongodb-1.4.8.tgz' },
48 silly resolved     _from: 'mongodb@',
48 silly resolved     _npmVersion: '1.4.3',
48 silly resolved     _npmUser: { name: 'christkv', email: 'christkv@gmail.com' },
48 silly resolved     maintainers: [ [Object] ],
48 silly resolved     _shasum: '808802e296f78e5062ef46a87a90abd68031552f',
48 silly resolved     _resolved: 'https://registry.npmjs.org/mongodb/-/mongodb-1.4.8.tgz' } ]
49 info install mongodb@1.4.8 into C:\Users\Huanxin\Documents\GitHub\server
50 info installOne mongodb@1.4.8
51 verbose node_modules\mongodb unbuild
52 verbose tar unpack C:\Users\Huanxin\AppData\Roaming\npm-cache\mongodb\1.4.8\package.tgz
53 silly lockFile 8a8fe04a-tHub-server-node-modules-mongodb tar://C:\Users\Huanxin\Documents\GitHub\server\node_modules\mongodb
54 verbose lock tar://C:\Users\Huanxin\Documents\GitHub\server\node_modules\mongodb C:\Users\Huanxin\AppData\Roaming\npm-cache\8a8fe04a-tHub-server-node-modules-mongodb.lock
55 silly lockFile 4982574b--cache-mongodb-1-4-8-package-tgz tar://C:\Users\Huanxin\AppData\Roaming\npm-cache\mongodb\1.4.8\package.tgz
56 verbose lock tar://C:\Users\Huanxin\AppData\Roaming\npm-cache\mongodb\1.4.8\package.tgz C:\Users\Huanxin\AppData\Roaming\npm-cache\4982574b--cache-mongodb-1-4-8-package-tgz.lock
57 silly gunzTarPerm modes [ '777', '666' ]
58 silly gunzTarPerm extractEntry package.json
59 silly gunzTarPerm modified mode [ 'package.json', 493, 511 ]
60 silly gunzTarPerm extractEntry LICENSE
61 silly gunzTarPerm modified mode [ 'LICENSE', 420, 438 ]
62 silly gunzTarPerm extractEntry index.js
63 silly gunzTarPerm modified mode [ 'index.js', 493, 511 ]
64 silly gunzTarPerm extractEntry .gitmodules
65 silly gunzTarPerm modified mode [ '.gitmodules', 420, 438 ]
66 silly gunzTarPerm extractEntry .travis.yml
67 silly gunzTarPerm modified mode [ '.travis.yml', 420, 438 ]
68 silly gunzTarPerm extractEntry CONTRIBUTING.md
69 silly gunzTarPerm modified mode [ 'CONTRIBUTING.md', 420, 438 ]
70 silly gunzTarPerm extractEntry Makefile
71 silly gunzTarPerm modified mode [ 'Makefile', 420, 438 ]
72 silly gunzTarPerm extractEntry Readme.md
73 silly gunzTarPerm modified mode [ 'Readme.md', 420, 438 ]
74 silly gunzTarPerm extractEntry lib/mongodb/admin.js
75 silly gunzTarPerm modified mode [ 'lib/mongodb/admin.js', 420, 438 ]
76 silly gunzTarPerm extractEntry lib/mongodb/scope.js
77 silly gunzTarPerm modified mode [ 'lib/mongodb/scope.js', 420, 438 ]
78 silly gunzTarPerm extractEntry lib/mongodb/mongo_client.js
79 silly gunzTarPerm modified mode [ 'lib/mongodb/mongo_client.js', 420, 438 ]
80 silly gunzTarPerm extractEntry lib/mongodb/collection.js
81 silly gunzTarPerm modified mode [ 'lib/mongodb/collection.js', 420, 438 ]
82 silly gunzTarPerm extractEntry lib/mongodb/command_cursor.js
83 silly gunzTarPerm modified mode [ 'lib/mongodb/command_cursor.js', 420, 438 ]
84 silly gunzTarPerm extractEntry lib/mongodb/index.js
85 silly gunzTarPerm modified mode [ 'lib/mongodb/index.js', 420, 438 ]
86 silly gunzTarPerm extractEntry lib/mongodb/db.js
87 silly gunzTarPerm modified mode [ 'lib/mongodb/db.js', 420, 438 ]
88 silly gunzTarPerm extractEntry lib/mongodb/aggregation_cursor.js
89 silly gunzTarPerm modified mode [ 'lib/mongodb/aggregation_cursor.js', 420, 438 ]
90 silly gunzTarPerm extractEntry lib/mongodb/cursorstream.js
91 silly gunzTarPerm modified mode [ 'lib/mongodb/cursorstream.js', 420, 438 ]
92 silly gunzTarPerm extractEntry lib/mongodb/utils.js
93 silly gunzTarPerm modified mode [ 'lib/mongodb/utils.js', 420, 438 ]
94 silly gunzTarPerm extractEntry lib/mongodb/cursor.js
95 silly gunzTarPerm modified mode [ 'lib/mongodb/cursor.js', 420, 438 ]
96 silly gunzTarPerm extractEntry lib/mongodb/connection/base.js
97 silly gunzTarPerm modified mode [ 'lib/mongodb/connection/base.js', 420, 438 ]
98 silly gunzTarPerm extractEntry lib/mongodb/connection/connection.js
99 silly gunzTarPerm modified mode [ 'lib/mongodb/connection/connection.js', 420, 438 ]
100 silly gunzTarPerm extractEntry lib/mongodb/connection/connection_pool.js
101 silly gunzTarPerm modified mode [ 'lib/mongodb/connection/connection_pool.js', 420, 438 ]
102 silly gunzTarPerm extractEntry lib/mongodb/connection/connection_utils.js
103 silly gunzTarPerm modified mode [ 'lib/mongodb/connection/connection_utils.js', 420, 438 ]
104 silly gunzTarPerm extractEntry lib/mongodb/connection/mongos.js
105 silly gunzTarPerm modified mode [ 'lib/mongodb/connection/mongos.js', 420, 438 ]
106 silly gunzTarPerm extractEntry lib/mongodb/connection/read_preference.js
107 silly gunzTarPerm modified mode [ 'lib/mongodb/connection/read_preference.js', 420, 438 ]
108 silly gunzTarPerm extractEntry lib/mongodb/connection/server.js
109 silly gunzTarPerm modified mode [ 'lib/mongodb/connection/server.js', 420, 438 ]
110 silly gunzTarPerm extractEntry lib/mongodb/connection/server_capabilities.js
111 silly gunzTarPerm modified mode [ 'lib/mongodb/connection/server_capabilities.js', 420, 438 ]
112 silly gunzTarPerm extractEntry lib/mongodb/connection/url_parser.js
113 silly gunzTarPerm modified mode [ 'lib/mongodb/connection/url_parser.js', 420, 438 ]
114 silly gunzTarPerm extractEntry lib/mongodb/connection/repl_set/ha.js
115 silly gunzTarPerm modified mode [ 'lib/mongodb/connection/repl_set/ha.js', 420, 438 ]
116 silly gunzTarPerm extractEntry lib/mongodb/connection/repl_set/options.js
117 silly gunzTarPerm modified mode [ 'lib/mongodb/connection/repl_set/options.js', 420, 438 ]
118 silly gunzTarPerm extractEntry lib/mongodb/connection/repl_set/repl_set.js
119 silly gunzTarPerm modified mode [ 'lib/mongodb/connection/repl_set/repl_set.js', 420, 438 ]
120 silly gunzTarPerm extractEntry lib/mongodb/connection/repl_set/repl_set_state.js
121 silly gunzTarPerm modified mode [ 'lib/mongodb/connection/repl_set/repl_set_state.js', 420, 438 ]
122 silly gunzTarPerm extractEntry lib/mongodb/connection/repl_set/strategies/ping_strategy.js
123 silly gunzTarPerm modified mode [ 'lib/mongodb/connection/repl_set/strategies/ping_strategy.js',
123 silly gunzTarPerm   420,
123 silly gunzTarPerm   438 ]
124 silly gunzTarPerm extractEntry lib/mongodb/connection/repl_set/strategies/statistics_strategy.js
125 silly gunzTarPerm modified mode [ 'lib/mongodb/connection/repl_set/strategies/statistics_strategy.js',
125 silly gunzTarPerm   420,
125 silly gunzTarPerm   438 ]
126 silly gunzTarPerm extractEntry lib/mongodb/gridfs/chunk.js
127 silly gunzTarPerm modified mode [ 'lib/mongodb/gridfs/chunk.js', 420, 438 ]
128 silly gunzTarPerm extractEntry lib/mongodb/gridfs/grid.js
129 silly gunzTarPerm modified mode [ 'lib/mongodb/gridfs/grid.js', 420, 438 ]
130 silly gunzTarPerm extractEntry lib/mongodb/gridfs/gridstore.js
131 silly gunzTarPerm modified mode [ 'lib/mongodb/gridfs/gridstore.js', 420, 438 ]
132 silly gunzTarPerm extractEntry lib/mongodb/gridfs/readstream.js
133 silly gunzTarPerm modified mode [ 'lib/mongodb/gridfs/readstream.js', 420, 438 ]
134 silly gunzTarPerm extractEntry lib/mongodb/commands/base_command.js
135 silly gunzTarPerm modified mode [ 'lib/mongodb/commands/base_command.js', 420, 438 ]
136 silly gunzTarPerm extractEntry lib/mongodb/commands/db_command.js
137 silly gunzTarPerm modified mode [ 'lib/mongodb/commands/db_command.js', 420, 438 ]
138 silly gunzTarPerm extractEntry lib/mongodb/commands/delete_command.js
139 silly gunzTarPerm modified mode [ 'lib/mongodb/commands/delete_command.js', 420, 438 ]
140 silly gunzTarPerm extractEntry lib/mongodb/commands/get_more_command.js
141 silly gunzTarPerm modified mode [ 'lib/mongodb/commands/get_more_command.js', 420, 438 ]
142 silly gunzTarPerm extractEntry lib/mongodb/commands/insert_command.js
143 silly gunzTarPerm modified mode [ 'lib/mongodb/commands/insert_command.js', 420, 438 ]
144 silly gunzTarPerm extractEntry lib/mongodb/commands/kill_cursor_command.js
145 silly gunzTarPerm modified mode [ 'lib/mongodb/commands/kill_cursor_command.js', 420, 438 ]
146 silly gunzTarPerm extractEntry lib/mongodb/commands/query_command.js
147 silly gunzTarPerm modified mode [ 'lib/mongodb/commands/query_command.js', 420, 438 ]
148 silly gunzTarPerm extractEntry lib/mongodb/commands/update_command.js
149 silly gunzTarPerm modified mode [ 'lib/mongodb/commands/update_command.js', 420, 438 ]
150 silly gunzTarPerm extractEntry lib/mongodb/collection/aggregation.js
151 silly gunzTarPerm modified mode [ 'lib/mongodb/collection/aggregation.js', 420, 438 ]
152 silly gunzTarPerm extractEntry lib/mongodb/collection/commands.js
153 silly gunzTarPerm modified mode [ 'lib/mongodb/collection/commands.js', 420, 438 ]
154 silly gunzTarPerm extractEntry lib/mongodb/collection/core.js
155 silly gunzTarPerm modified mode [ 'lib/mongodb/collection/core.js', 420, 438 ]
156 silly gunzTarPerm extractEntry lib/mongodb/collection/geo.js
157 silly gunzTarPerm modified mode [ 'lib/mongodb/collection/geo.js', 420, 438 ]
158 silly gunzTarPerm extractEntry lib/mongodb/collection/index.js
159 silly gunzTarPerm modified mode [ 'lib/mongodb/collection/index.js', 420, 438 ]
160 silly gunzTarPerm extractEntry lib/mongodb/collection/query.js
161 silly gunzTarPerm modified mode [ 'lib/mongodb/collection/query.js', 420, 438 ]
162 silly gunzTarPerm extractEntry lib/mongodb/collection/shared.js
163 silly gunzTarPerm modified mode [ 'lib/mongodb/collection/shared.js', 420, 438 ]
164 silly gunzTarPerm extractEntry lib/mongodb/collection/batch/common.js
165 silly gunzTarPerm modified mode [ 'lib/mongodb/collection/batch/common.js', 420, 438 ]
166 silly gunzTarPerm extractEntry lib/mongodb/collection/batch/ordered.js
167 silly gunzTarPerm modified mode [ 'lib/mongodb/collection/batch/ordered.js', 420, 438 ]
168 silly gunzTarPerm extractEntry lib/mongodb/collection/batch/unordered.js
169 silly gunzTarPerm modified mode [ 'lib/mongodb/collection/batch/unordered.js', 420, 438 ]
170 silly gunzTarPerm extractEntry lib/mongodb/responses/mongo_reply.js
171 silly gunzTarPerm modified mode [ 'lib/mongodb/responses/mongo_reply.js', 420, 438 ]
172 silly gunzTarPerm extractEntry lib/mongodb/auth/mongodb_cr.js
173 silly gunzTarPerm modified mode [ 'lib/mongodb/auth/mongodb_cr.js', 420, 438 ]
174 silly gunzTarPerm extractEntry lib/mongodb/auth/mongodb_gssapi.js
175 silly gunzTarPerm modified mode [ 'lib/mongodb/auth/mongodb_gssapi.js', 420, 438 ]
176 silly gunzTarPerm extractEntry lib/mongodb/auth/mongodb_plain.js
177 silly gunzTarPerm modified mode [ 'lib/mongodb/auth/mongodb_plain.js', 420, 438 ]
178 silly gunzTarPerm extractEntry lib/mongodb/auth/mongodb_sspi.js
179 silly gunzTarPerm modified mode [ 'lib/mongodb/auth/mongodb_sspi.js', 420, 438 ]
180 silly gunzTarPerm extractEntry lib/mongodb/auth/mongodb_x509.js
181 silly gunzTarPerm modified mode [ 'lib/mongodb/auth/mongodb_x509.js', 420, 438 ]
182 silly lockFile 8a8fe04a-tHub-server-node-modules-mongodb tar://C:\Users\Huanxin\Documents\GitHub\server\node_modules\mongodb
183 silly lockFile 8a8fe04a-tHub-server-node-modules-mongodb tar://C:\Users\Huanxin\Documents\GitHub\server\node_modules\mongodb
184 silly lockFile 4982574b--cache-mongodb-1-4-8-package-tgz tar://C:\Users\Huanxin\AppData\Roaming\npm-cache\mongodb\1.4.8\package.tgz
185 silly lockFile 4982574b--cache-mongodb-1-4-8-package-tgz tar://C:\Users\Huanxin\AppData\Roaming\npm-cache\mongodb\1.4.8\package.tgz
186 info preinstall mongodb@1.4.8
187 verbose readDependencies using package.json deps
188 verbose readDependencies using package.json deps
189 verbose cache add [ 'bson@0.2.11', null ]
190 verbose cache add name=undefined spec="bson@0.2.11" args=["bson@0.2.11",null]
191 verbose parsed url { protocol: null,
191 verbose parsed url   slashes: null,
191 verbose parsed url   auth: null,
191 verbose parsed url   host: null,
191 verbose parsed url   port: null,
191 verbose parsed url   hostname: null,
191 verbose parsed url   hash: null,
191 verbose parsed url   search: null,
191 verbose parsed url   query: null,
191 verbose parsed url   pathname: 'bson@0.2.11',
191 verbose parsed url   path: 'bson@0.2.11',
191 verbose parsed url   href: 'bson@0.2.11' }
192 verbose cache add [ 'kerberos@0.0.3', null ]
193 verbose cache add name=undefined spec="kerberos@0.0.3" args=["kerberos@0.0.3",null]
194 verbose parsed url { protocol: null,
194 verbose parsed url   slashes: null,
194 verbose parsed url   auth: null,
194 verbose parsed url   host: null,
194 verbose parsed url   port: null,
194 verbose parsed url   hostname: null,
194 verbose parsed url   hash: null,
194 verbose parsed url   search: null,
194 verbose parsed url   query: null,
194 verbose parsed url   pathname: 'kerberos@0.0.3',
194 verbose parsed url   path: 'kerberos@0.0.3',
194 verbose parsed url   href: 'kerberos@0.0.3' }
195 verbose cache add [ 'readable-stream@latest', null ]
196 verbose cache add name=undefined spec="readable-stream@latest" args=["readable-stream@latest",null]
197 verbose parsed url { protocol: null,
197 verbose parsed url   slashes: null,
197 verbose parsed url   auth: null,
197 verbose parsed url   host: null,
197 verbose parsed url   port: null,
197 verbose parsed url   hostname: null,
197 verbose parsed url   hash: null,
197 verbose parsed url   search: null,
197 verbose parsed url   query: null,
197 verbose parsed url   pathname: 'readable-stream@latest',
197 verbose parsed url   path: 'readable-stream@latest',
197 verbose parsed url   href: 'readable-stream@latest' }
198 verbose cache add name="bson" spec="0.2.11" args=["bson","0.2.11"]
199 verbose parsed url { protocol: null,
199 verbose parsed url   slashes: null,
199 verbose parsed url   auth: null,
199 verbose parsed url   host: null,
199 verbose parsed url   port: null,
199 verbose parsed url   hostname: null,
199 verbose parsed url   hash: null,
199 verbose parsed url   search: null,
199 verbose parsed url   query: null,
199 verbose parsed url   pathname: '0.2.11',
199 verbose parsed url   path: '0.2.11',
199 verbose parsed url   href: '0.2.11' }
200 verbose addNamed [ 'bson', '0.2.11' ]
201 verbose addNamed [ '0.2.11', '0.2.11' ]
202 silly lockFile cfdbd745-bson-0-2-11 bson@0.2.11
203 verbose lock bson@0.2.11 C:\Users\Huanxin\AppData\Roaming\npm-cache\cfdbd745-bson-0-2-11.lock
204 verbose cache add name="kerberos" spec="0.0.3" args=["kerberos","0.0.3"]
205 verbose parsed url { protocol: null,
205 verbose parsed url   slashes: null,
205 verbose parsed url   auth: null,
205 verbose parsed url   host: null,
205 verbose parsed url   port: null,
205 verbose parsed url   hostname: null,
205 verbose parsed url   hash: null,
205 verbose parsed url   search: null,
205 verbose parsed url   query: null,
205 verbose parsed url   pathname: '0.0.3',
205 verbose parsed url   path: '0.0.3',
205 verbose parsed url   href: '0.0.3' }
206 verbose addNamed [ 'kerberos', '0.0.3' ]
207 verbose addNamed [ '0.0.3', '0.0.3' ]
208 silly lockFile fba4e7a6-kerberos-0-0-3 kerberos@0.0.3
209 verbose lock kerberos@0.0.3 C:\Users\Huanxin\AppData\Roaming\npm-cache\fba4e7a6-kerberos-0-0-3.lock
210 verbose cache add name="readable-stream" spec="latest" args=["readable-stream","latest"]
211 verbose parsed url { protocol: null,
211 verbose parsed url   slashes: null,
211 verbose parsed url   auth: null,
211 verbose parsed url   host: null,
211 verbose parsed url   port: null,
211 verbose parsed url   hostname: null,
211 verbose parsed url   hash: null,
211 verbose parsed url   search: null,
211 verbose parsed url   query: null,
211 verbose parsed url   pathname: 'latest',
211 verbose parsed url   path: 'latest',
211 verbose parsed url   href: 'latest' }
212 verbose addNamed [ 'readable-stream', 'latest' ]
213 verbose addNamed [ null, null ]
214 silly lockFile 81e39f72-readable-stream-latest readable-stream@latest
215 verbose lock readable-stream@latest C:\Users\Huanxin\AppData\Roaming\npm-cache\81e39f72-readable-stream-latest.lock
216 verbose request where is /bson
217 verbose request registry https://registry.npmjs.org/
218 verbose url raw /bson
219 verbose url resolving [ 'https://registry.npmjs.org/', './bson' ]
220 verbose url resolved https://registry.npmjs.org/bson
221 verbose request where is https://registry.npmjs.org/bson
222 info trying registry request attempt 1 at 15:06:45
223 http GET https://registry.npmjs.org/bson
224 verbose request where is /kerberos
225 verbose request registry https://registry.npmjs.org/
226 verbose url raw /kerberos
227 verbose url resolving [ 'https://registry.npmjs.org/', './kerberos' ]
228 verbose url resolved https://registry.npmjs.org/kerberos
229 verbose request where is https://registry.npmjs.org/kerberos
230 info trying registry request attempt 1 at 15:06:45
231 http GET https://registry.npmjs.org/kerberos
232 info addNameTag [ 'readable-stream', 'latest' ]
233 verbose request where is /readable-stream
234 verbose request registry https://registry.npmjs.org/
235 verbose url raw /readable-stream
236 verbose url resolving [ 'https://registry.npmjs.org/', './readable-stream' ]
237 verbose url resolved https://registry.npmjs.org/readable-stream
238 verbose request where is https://registry.npmjs.org/readable-stream
239 info trying registry request attempt 1 at 15:06:45
240 verbose etag "AADJKQWZYXLR1KLSV1SVRLP4R"
241 http GET https://registry.npmjs.org/readable-stream
242 http 304 https://registry.npmjs.org/readable-stream
243 silly registry.get cb [ 304,
243 silly registry.get   { date: 'Wed, 13 Aug 2014 22:06:46 GMT',
243 silly registry.get     server: 'Apache',
243 silly registry.get     via: '1.1 varnish',
243 silly registry.get     'last-modified': 'Wed, 13 Aug 2014 22:06:46 GMT',
243 silly registry.get     'cache-control': 'max-age=60',
243 silly registry.get     etag: '"AADJKQWZYXLR1KLSV1SVRLP4R"',
243 silly registry.get     'x-served-by': 'cache-lax1427-LAX',
243 silly registry.get     'x-cache': 'HIT',
243 silly registry.get     'x-cache-hits': '1',
243 silly registry.get     'x-timer': 'S1407967606.911203,VS0,VE0',
243 silly registry.get     vary: 'Accept',
243 silly registry.get     'content-length': '0',
243 silly registry.get     'keep-alive': 'timeout=10, max=50',
243 silly registry.get     connection: 'Keep-Alive' } ]
244 verbose etag https://registry.npmjs.org/readable-stream from cache
245 verbose addNamed [ 'readable-stream', '1.0.27-1' ]
246 verbose addNamed [ '1.0.27-1', '1.0.27-1' ]
247 silly lockFile 8088f056-readable-stream-1-0-27-1 readable-stream@1.0.27-1
248 verbose lock readable-stream@1.0.27-1 C:\Users\Huanxin\AppData\Roaming\npm-cache\8088f056-readable-stream-1-0-27-1.lock
249 silly lockFile 00bb6e01-eam-readable-stream-1-0-27-1-tgz https://registry.npmjs.org/readable-stream/-/readable-stream-1.0.27-1.tgz
250 verbose lock https://registry.npmjs.org/readable-stream/-/readable-stream-1.0.27-1.tgz C:\Users\Huanxin\AppData\Roaming\npm-cache\00bb6e01-eam-readable-stream-1-0-27-1-tgz.lock
251 verbose addRemoteTarball [ 'https://registry.npmjs.org/readable-stream/-/readable-stream-1.0.27-1.tgz',
251 verbose addRemoteTarball   '6b67983c20357cefd07f0165001a16d710d91078' ]
252 info retry fetch attempt 1 at 15:06:45
253 verbose fetch to= C:\Users\Huanxin\AppData\Local\Temp\npm-9944-KphYtJgE\registry.npmjs.org\readable-stream\-\readable-stream-1.0.27-1.tgz
254 http GET https://registry.npmjs.org/readable-stream/-/readable-stream-1.0.27-1.tgz
255 http 200 https://registry.npmjs.org/bson
256 silly registry.get cb [ 200,
256 silly registry.get   { date: 'Wed, 13 Aug 2014 22:06:46 GMT',
256 silly registry.get     server: 'CouchDB/1.5.0 (Erlang OTP/R16B03)',
256 silly registry.get     etag: '"66C6FJC2TKATMKI49YP46Y9C"',
256 silly registry.get     'content-type': 'application/json',
256 silly registry.get     'cache-control': 'max-age=60',
256 silly registry.get     'content-length': '38347',
256 silly registry.get     'accept-ranges': 'bytes',
256 silly registry.get     via: '1.1 varnish',
256 silly registry.get     age: '304',
256 silly registry.get     'x-served-by': 'cache-lax1432-LAX',
256 silly registry.get     'x-cache': 'HIT',
256 silly registry.get     'x-cache-hits': '1',
256 silly registry.get     'x-timer': 'S1407967606.902844,VS0,VE40',
256 silly registry.get     vary: 'Accept',
256 silly registry.get     'keep-alive': 'timeout=10, max=50',
256 silly registry.get     connection: 'Keep-Alive' } ]
257 http 200 https://registry.npmjs.org/kerberos
258 silly registry.get cb [ 200,
258 silly registry.get   { date: 'Wed, 13 Aug 2014 22:06:46 GMT',
258 silly registry.get     server: 'CouchDB/1.5.0 (Erlang OTP/R16B03)',
258 silly registry.get     etag: '"AV2JKFFTHWHIE8QPCM35UMTSY"',
258 silly registry.get     'content-type': 'application/json',
258 silly registry.get     'cache-control': 'max-age=60',
258 silly registry.get     'content-length': '3503',
258 silly registry.get     'accept-ranges': 'bytes',
258 silly registry.get     via: '1.1 varnish',
258 silly registry.get     age: '69',
258 silly registry.get     'x-served-by': 'cache-lax1432-LAX',
258 silly registry.get     'x-cache': 'HIT',
258 silly registry.get     'x-cache-hits': '1',
258 silly registry.get     'x-timer': 'S1407967606.906411,VS0,VE73',
258 silly registry.get     vary: 'Accept',
258 silly registry.get     'keep-alive': 'timeout=10, max=50',
258 silly registry.get     connection: 'Keep-Alive' } ]
259 silly lockFile 0af4a604--org-kerberos-kerberos-0-0-3-tgz https://registry.npmjs.org/kerberos/-/kerberos-0.0.3.tgz
260 verbose lock https://registry.npmjs.org/kerberos/-/kerberos-0.0.3.tgz C:\Users\Huanxin\AppData\Roaming\npm-cache\0af4a604--org-kerberos-kerberos-0-0-3-tgz.lock
261 verbose addRemoteTarball [ 'https://registry.npmjs.org/kerberos/-/kerberos-0.0.3.tgz',
261 verbose addRemoteTarball   '4285d92a0748db2784062f5adcec9f5956cb818a' ]
262 info retry fetch attempt 1 at 15:06:45
263 verbose fetch to= C:\Users\Huanxin\AppData\Local\Temp\npm-9944-KphYtJgE\registry.npmjs.org\kerberos\-\kerberos-0.0.3.tgz
264 silly lockFile ac8eebab-y-npmjs-org-bson-bson-0-2-11-tgz https://registry.npmjs.org/bson/-/bson-0.2.11.tgz
265 verbose lock https://registry.npmjs.org/bson/-/bson-0.2.11.tgz C:\Users\Huanxin\AppData\Roaming\npm-cache\ac8eebab-y-npmjs-org-bson-bson-0-2-11-tgz.lock
266 http GET https://registry.npmjs.org/kerberos/-/kerberos-0.0.3.tgz
267 verbose addRemoteTarball [ 'https://registry.npmjs.org/bson/-/bson-0.2.11.tgz',
267 verbose addRemoteTarball   '7a1b9df70b36a247ada83d795e566a049f78bbb8' ]
268 http 200 https://registry.npmjs.org/readable-stream/-/readable-stream-1.0.27-1.tgz
269 info retry fetch attempt 1 at 15:06:45
270 verbose fetch to= C:\Users\Huanxin\AppData\Local\Temp\npm-9944-KphYtJgE\registry.npmjs.org\bson\-\bson-0.2.11.tgz
271 http GET https://registry.npmjs.org/bson/-/bson-0.2.11.tgz
272 silly lockFile 00bb6e01-eam-readable-stream-1-0-27-1-tgz https://registry.npmjs.org/readable-stream/-/readable-stream-1.0.27-1.tgz
273 silly lockFile 00bb6e01-eam-readable-stream-1-0-27-1-tgz https://registry.npmjs.org/readable-stream/-/readable-stream-1.0.27-1.tgz
274 silly lockFile 8088f056-readable-stream-1-0-27-1 readable-stream@1.0.27-1
275 silly lockFile 8088f056-readable-stream-1-0-27-1 readable-stream@1.0.27-1
276 silly lockFile 81e39f72-readable-stream-latest readable-stream@latest
277 silly lockFile 81e39f72-readable-stream-latest readable-stream@latest
278 http 200 https://registry.npmjs.org/kerberos/-/kerberos-0.0.3.tgz
279 http 200 https://registry.npmjs.org/bson/-/bson-0.2.11.tgz
280 silly lockFile 0af4a604--org-kerberos-kerberos-0-0-3-tgz https://registry.npmjs.org/kerberos/-/kerberos-0.0.3.tgz
281 silly lockFile 0af4a604--org-kerberos-kerberos-0-0-3-tgz https://registry.npmjs.org/kerberos/-/kerberos-0.0.3.tgz
282 silly lockFile fba4e7a6-kerberos-0-0-3 kerberos@0.0.3
283 silly lockFile fba4e7a6-kerberos-0-0-3 kerberos@0.0.3
284 silly lockFile ac8eebab-y-npmjs-org-bson-bson-0-2-11-tgz https://registry.npmjs.org/bson/-/bson-0.2.11.tgz
285 silly lockFile ac8eebab-y-npmjs-org-bson-bson-0-2-11-tgz https://registry.npmjs.org/bson/-/bson-0.2.11.tgz
286 silly lockFile cfdbd745-bson-0-2-11 bson@0.2.11
287 silly lockFile cfdbd745-bson-0-2-11 bson@0.2.11
288 silly resolved [ { name: 'readable-stream',
288 silly resolved     version: '1.0.27-1',
288 silly resolved     description: 'Streams2, a user-land copy of the stream library from Node.js v0.10.x',
288 silly resolved     main: 'readable.js',
288 silly resolved     dependencies:
288 silly resolved      { 'core-util-is': '~1.0.0',
288 silly resolved        isarray: '0.0.1',
288 silly resolved        string_decoder: '~0.10.x',
288 silly resolved        inherits: '~2.0.1' },
288 silly resolved     devDependencies: { tap: '~0.2.6' },
288 silly resolved     scripts: { test: 'tap test/simple/*.js' },
288 silly resolved     repository: { type: 'git', url: 'git://github.com/isaacs/readable-stream' },
288 silly resolved     keywords: [ 'readable', 'stream', 'pipe' ],
288 silly resolved     browser: { util: false },
288 silly resolved     author:
288 silly resolved      { name: 'Isaac Z. Schlueter',
288 silly resolved        email: 'i@izs.me',
288 silly resolved        url: 'http://blog.izs.me/' },
288 silly resolved     license: 'MIT',
288 silly resolved     bugs: { url: 'https://github.com/isaacs/readable-stream/issues' },
288 silly resolved     homepage: 'https://github.com/isaacs/readable-stream',
288 silly resolved     _id: 'readable-stream@1.0.27-1',
288 silly resolved     dist:
288 silly resolved      { shasum: '6b67983c20357cefd07f0165001a16d710d91078',
288 silly resolved        tarball: 'http://registry.npmjs.org/readable-stream/-/readable-stream-1.0.27-1.tgz' },
288 silly resolved     _from: 'readable-stream@latest',
288 silly resolved     _npmVersion: '1.4.3',
288 silly resolved     _npmUser: { name: 'rvagg', email: 'rod@vagg.org' },
288 silly resolved     maintainers: [ [Object], [Object], [Object] ],
288 silly resolved     directories: {},
288 silly resolved     _shasum: '6b67983c20357cefd07f0165001a16d710d91078',
288 silly resolved     _resolved: 'https://registry.npmjs.org/readable-stream/-/readable-stream-1.0.27-1.tgz' },
288 silly resolved   { name: 'kerberos',
288 silly resolved     version: '0.0.3',
288 silly resolved     description: 'Kerberos library for Node.js',
288 silly resolved     main: 'index.js',
288 silly resolved     scripts:
288 silly resolved      { install: '(node-gyp rebuild 2> builderror.log) || (exit 0)',
288 silly resolved        test: 'nodeunit ./test' },
288 silly resolved     repository: { type: 'git', url: 'https://github.com/christkv/kerberos.git' },
288 silly resolved     keywords: [ 'kerberos', 'security', 'authentication' ],
288 silly resolved     devDependencies: { nodeunit: 'latest' },
288 silly resolved     author: { name: 'Christian Amor Kvalheim' },
288 silly resolved     license: 'Apache 2.0',
288 silly resolved     readmeFilename: 'README.md',
288 silly resolved     gitHead: 'bb01d4fe322e022999aca19da564e7d9db59a8ed',
288 silly resolved     readme: 'kerberos\n========\n\nKerberos library for node.js',
288 silly resolved     bugs: { url: 'https://github.com/christkv/kerberos/issues' },
288 silly resolved     _id: 'kerberos@0.0.3',
288 silly resolved     dist:
288 silly resolved      { shasum: '4285d92a0748db2784062f5adcec9f5956cb818a',
288 silly resolved        tarball: 'http://registry.npmjs.org/kerberos/-/kerberos-0.0.3.tgz' },
288 silly resolved     _from: 'kerberos@0.0.3',
288 silly resolved     _npmVersion: '1.3.5',
288 silly resolved     _npmUser: { name: 'christkv', email: 'christkv@gmail.com' },
288 silly resolved     maintainers: [ [Object] ],
288 silly resolved     directories: {},
288 silly resolved     _shasum: '4285d92a0748db2784062f5adcec9f5956cb818a',
288 silly resolved     _resolved: 'https://registry.npmjs.org/kerberos/-/kerberos-0.0.3.tgz' },
288 silly resolved   { name: 'bson',
288 silly resolved     description: 'A bson parser for node.js and the browser',
288 silly resolved     keywords: [ 'mongodb', 'bson', 'parser' ],
288 silly resolved     version: '0.2.11',
288 silly resolved     author: { name: 'Christian Amor Kvalheim', email: 'christkv@gmail.com' },
288 silly resolved     contributors: [],
288 silly resolved     repository: { type: 'git', url: 'git://github.com/mongodb/js-bson.git' },
288 silly resolved     bugs: { url: 'https://github.com/mongodb/js-bson/issues' },
288 silly resolved     dependencies: { nan: '1.2.0' },
288 silly resolved     devDependencies: { nodeunit: '0.9.0', gleak: '0.2.3', one: '2.X.X' },
288 silly resolved     config: { native: false },
288 silly resolved     main: './lib/bson/index',
288 silly resolved     directories: { lib: './lib/bson' },
288 silly resolved     engines: { node: '>=0.6.19' },
288 silly resolved     scripts:
288 silly resolved      { install: '(node-gyp rebuild 2> builderror.log) || (exit 0)',
288 silly resolved        test: 'nodeunit ./test/node && TEST_NATIVE=TRUE nodeunit ./test/node' },
288 silly resolved     browser: 'lib/bson/bson.js',
288 silly resolved     licenses: [ [Object] ],
288 silly resolved     homepage: 'https://github.com/mongodb/js-bson',
288 silly resolved     _id: 'bson@0.2.11',
288 silly resolved     dist:
288 silly resolved      { shasum: '7a1b9df70b36a247ada83d795e566a049f78bbb8',
288 silly resolved        tarball: 'http://registry.npmjs.org/bson/-/bson-0.2.11.tgz' },
288 silly resolved     _from: 'bson@0.2.11',
288 silly resolved     _npmVersion: '1.4.3',
288 silly resolved     _npmUser: { name: 'christkv', email: 'christkv@gmail.com' },
288 silly resolved     maintainers: [ [Object], [Object] ],
288 silly resolved     _shasum: '7a1b9df70b36a247ada83d795e566a049f78bbb8',
288 silly resolved     _resolved: 'https://registry.npmjs.org/bson/-/bson-0.2.11.tgz' } ]
289 info install readable-stream@1.0.27-1 into C:\Users\Huanxin\Documents\GitHub\server\node_modules\mongodb
290 info install kerberos@0.0.3 into C:\Users\Huanxin\Documents\GitHub\server\node_modules\mongodb
291 info install bson@0.2.11 into C:\Users\Huanxin\Documents\GitHub\server\node_modules\mongodb
292 info installOne readable-stream@1.0.27-1
293 info installOne kerberos@0.0.3
294 info installOne bson@0.2.11
295 verbose node_modules\mongodb\node_modules\readable-stream unbuild
296 verbose node_modules\mongodb\node_modules\kerberos unbuild
297 verbose node_modules\mongodb\node_modules\bson unbuild
298 verbose tar unpack C:\Users\Huanxin\AppData\Roaming\npm-cache\readable-stream\1.0.27-1\package.tgz
299 silly lockFile 44ede98b-odb-node-modules-readable-stream tar://C:\Users\Huanxin\Documents\GitHub\server\node_modules\mongodb\node_modules\readable-stream
300 verbose lock tar://C:\Users\Huanxin\Documents\GitHub\server\node_modules\mongodb\node_modules\readable-stream C:\Users\Huanxin\AppData\Roaming\npm-cache\44ede98b-odb-node-modules-readable-stream.lock
301 silly lockFile 2fe113ae-able-stream-1-0-27-1-package-tgz tar://C:\Users\Huanxin\AppData\Roaming\npm-cache\readable-stream\1.0.27-1\package.tgz
302 verbose lock tar://C:\Users\Huanxin\AppData\Roaming\npm-cache\readable-stream\1.0.27-1\package.tgz C:\Users\Huanxin\AppData\Roaming\npm-cache\2fe113ae-able-stream-1-0-27-1-package-tgz.lock
303 verbose tar unpack C:\Users\Huanxin\AppData\Roaming\npm-cache\kerberos\0.0.3\package.tgz
304 silly lockFile edcfdcf2-es-mongodb-node-modules-kerberos tar://C:\Users\Huanxin\Documents\GitHub\server\node_modules\mongodb\node_modules\kerberos
305 verbose lock tar://C:\Users\Huanxin\Documents\GitHub\server\node_modules\mongodb\node_modules\kerberos C:\Users\Huanxin\AppData\Roaming\npm-cache\edcfdcf2-es-mongodb-node-modules-kerberos.lock
306 silly lockFile 9ceaba9f-cache-kerberos-0-0-3-package-tgz tar://C:\Users\Huanxin\AppData\Roaming\npm-cache\kerberos\0.0.3\package.tgz
307 verbose lock tar://C:\Users\Huanxin\AppData\Roaming\npm-cache\kerberos\0.0.3\package.tgz C:\Users\Huanxin\AppData\Roaming\npm-cache\9ceaba9f-cache-kerberos-0-0-3-package-tgz.lock
308 verbose tar unpack C:\Users\Huanxin\AppData\Roaming\npm-cache\bson\0.2.11\package.tgz
309 silly lockFile ec211a7a-odules-mongodb-node-modules-bson tar://C:\Users\Huanxin\Documents\GitHub\server\node_modules\mongodb\node_modules\bson
310 verbose lock tar://C:\Users\Huanxin\Documents\GitHub\server\node_modules\mongodb\node_modules\bson C:\Users\Huanxin\AppData\Roaming\npm-cache\ec211a7a-odules-mongodb-node-modules-bson.lock
311 silly lockFile f68cffdb-pm-cache-bson-0-2-11-package-tgz tar://C:\Users\Huanxin\AppData\Roaming\npm-cache\bson\0.2.11\package.tgz
312 verbose lock tar://C:\Users\Huanxin\AppData\Roaming\npm-cache\bson\0.2.11\package.tgz C:\Users\Huanxin\AppData\Roaming\npm-cache\f68cffdb-pm-cache-bson-0-2-11-package-tgz.lock
313 silly gunzTarPerm modes [ '777', '666' ]
314 silly gunzTarPerm modes [ '777', '666' ]
315 silly gunzTarPerm modes [ '777', '666' ]
316 silly gunzTarPerm extractEntry package.json
317 silly gunzTarPerm modified mode [ 'package.json', 420, 438 ]
318 silly gunzTarPerm extractEntry package.json
319 silly gunzTarPerm modified mode [ 'package.json', 420, 438 ]
320 silly gunzTarPerm extractEntry package.json
321 silly gunzTarPerm modified mode [ 'package.json', 420, 438 ]
322 silly gunzTarPerm extractEntry .npmignore
323 silly gunzTarPerm modified mode [ '.npmignore', 420, 438 ]
324 silly gunzTarPerm extractEntry README.md
325 silly gunzTarPerm modified mode [ 'README.md', 420, 438 ]
326 silly gunzTarPerm extractEntry README.md
327 silly gunzTarPerm modified mode [ 'README.md', 420, 438 ]
328 silly gunzTarPerm extractEntry LICENSE
329 silly gunzTarPerm modified mode [ 'LICENSE', 420, 438 ]
330 silly gunzTarPerm extractEntry README.md
331 silly gunzTarPerm modified mode [ 'README.md', 420, 438 ]
332 silly gunzTarPerm extractEntry LICENSE
333 silly gunzTarPerm modified mode [ 'LICENSE', 420, 438 ]
334 silly gunzTarPerm extractEntry LICENSE
335 silly gunzTarPerm modified mode [ 'LICENSE', 420, 438 ]
336 silly gunzTarPerm extractEntry duplex.js
337 silly gunzTarPerm modified mode [ 'duplex.js', 420, 438 ]
338 silly gunzTarPerm extractEntry index.js
339 silly gunzTarPerm modified mode [ 'index.js', 420, 438 ]
340 silly gunzTarPerm extractEntry binding.gyp
341 silly gunzTarPerm modified mode [ 'binding.gyp', 420, 438 ]
342 silly gunzTarPerm extractEntry build_browser.js
343 silly gunzTarPerm modified mode [ 'build_browser.js', 420, 438 ]
344 silly gunzTarPerm extractEntry passthrough.js
345 silly gunzTarPerm modified mode [ 'passthrough.js', 420, 438 ]
346 silly gunzTarPerm extractEntry readable.js
347 silly gunzTarPerm modified mode [ 'readable.js', 420, 438 ]
348 silly gunzTarPerm extractEntry lib/kerberos.js
349 silly gunzTarPerm modified mode [ 'lib/kerberos.js', 420, 438 ]
350 silly gunzTarPerm extractEntry build/Makefile
351 silly gunzTarPerm modified mode [ 'build/Makefile', 420, 438 ]
352 silly gunzTarPerm extractEntry build/Release/.deps/Release/bson.node.d
353 silly gunzTarPerm modified mode [ 'build/Release/.deps/Release/bson.node.d', 420, 438 ]
354 silly gunzTarPerm extractEntry lib/sspi.js
355 silly gunzTarPerm modified mode [ 'lib/sspi.js', 420, 438 ]
356 silly gunzTarPerm extractEntry lib/kerberos_context.h
357 silly gunzTarPerm modified mode [ 'lib/kerberos_context.h', 420, 438 ]
358 silly gunzTarPerm extractEntry build/Release/.deps/Release/obj.target/bson/ext/bson.o.d
359 silly gunzTarPerm modified mode [ 'build/Release/.deps/Release/obj.target/bson/ext/bson.o.d',
359 silly gunzTarPerm   420,
359 silly gunzTarPerm   438 ]
360 silly gunzTarPerm extractEntry build/Release/bson.node
361 silly gunzTarPerm modified mode [ 'build/Release/bson.node', 493, 511 ]
362 silly gunzTarPerm extractEntry lib/kerberos.cc
363 silly gunzTarPerm modified mode [ 'lib/kerberos.cc', 420, 438 ]
364 silly gunzTarPerm extractEntry lib/kerberos.h
365 silly gunzTarPerm modified mode [ 'lib/kerberos.h', 420, 438 ]
366 silly gunzTarPerm extractEntry transform.js
367 silly gunzTarPerm modified mode [ 'transform.js', 420, 438 ]
368 silly gunzTarPerm extractEntry writable.js
369 silly gunzTarPerm modified mode [ 'writable.js', 420, 438 ]
370 silly gunzTarPerm extractEntry build/Release/linker.lock
371 silly gunzTarPerm modified mode [ 'build/Release/linker.lock', 420, 438 ]
372 silly gunzTarPerm extractEntry build/Release/obj.target/bson/ext/bson.o
373 silly gunzTarPerm modified mode [ 'build/Release/obj.target/bson/ext/bson.o', 420, 438 ]
374 silly gunzTarPerm extractEntry lib/auth_processes/mongodb.js
375 silly gunzTarPerm modified mode [ 'lib/auth_processes/mongodb.js', 420, 438 ]
376 silly gunzTarPerm extractEntry lib/kerberos_context.cc
377 silly gunzTarPerm modified mode [ 'lib/kerberos_context.cc', 420, 438 ]
378 silly gunzTarPerm extractEntry lib/_stream_duplex.js
379 silly gunzTarPerm modified mode [ 'lib/_stream_duplex.js', 420, 438 ]
380 silly gunzTarPerm extractEntry lib/_stream_passthrough.js
381 silly gunzTarPerm modified mode [ 'lib/_stream_passthrough.js', 420, 438 ]
382 silly gunzTarPerm extractEntry lib/base64.c
383 silly gunzTarPerm modified mode [ 'lib/base64.c', 420, 438 ]
384 silly gunzTarPerm extractEntry lib/kerberosgss.c
385 silly gunzTarPerm modified mode [ 'lib/kerberosgss.c', 420, 438 ]
386 silly gunzTarPerm extractEntry lib/_stream_readable.js
387 silly gunzTarPerm modified mode [ 'lib/_stream_readable.js', 420, 438 ]
388 silly gunzTarPerm extractEntry lib/_stream_transform.js
389 silly gunzTarPerm modified mode [ 'lib/_stream_transform.js', 420, 438 ]
390 silly gunzTarPerm extractEntry lib/_stream_writable.js
391 silly gunzTarPerm modified mode [ 'lib/_stream_writable.js', 420, 438 ]
392 silly gunzTarPerm extractEntry lib/kerberosgss.h
393 silly gunzTarPerm modified mode [ 'lib/kerberosgss.h', 420, 438 ]
394 silly gunzTarPerm extractEntry lib/base64.h
395 silly gunzTarPerm modified mode [ 'lib/base64.h', 420, 438 ]
396 silly gunzTarPerm extractEntry build/binding.Makefile
397 silly gunzTarPerm modified mode [ 'build/binding.Makefile', 420, 438 ]
398 silly gunzTarPerm extractEntry lib/win32/base64.c
399 silly gunzTarPerm modified mode [ 'lib/win32/base64.c', 420, 438 ]
400 silly gunzTarPerm extractEntry lib/win32/base64.h
401 silly gunzTarPerm modified mode [ 'lib/win32/base64.h', 420, 438 ]
402 silly gunzTarPerm extractEntry build/bson.target.mk
403 silly gunzTarPerm modified mode [ 'build/bson.target.mk', 420, 438 ]
404 silly gunzTarPerm extractEntry build/config.gypi
405 silly gunzTarPerm modified mode [ 'build/config.gypi', 420, 438 ]
406 silly gunzTarPerm extractEntry lib/win32/kerberos.cc
407 silly gunzTarPerm modified mode [ 'lib/win32/kerberos.cc', 420, 438 ]
408 silly gunzTarPerm extractEntry lib/win32/kerberos.h
409 silly gunzTarPerm modified mode [ 'lib/win32/kerberos.h', 420, 438 ]
410 silly gunzTarPerm extractEntry lib/win32/kerberos_sspi.c
411 silly gunzTarPerm modified mode [ 'lib/win32/kerberos_sspi.c', 420, 438 ]
412 silly gunzTarPerm extractEntry lib/win32/kerberos_sspi.h
413 silly gunzTarPerm modified mode [ 'lib/win32/kerberos_sspi.h', 420, 438 ]
414 silly gunzTarPerm extractEntry build/gyp-mac-tool
415 silly gunzTarPerm modified mode [ 'build/gyp-mac-tool', 493, 511 ]
416 silly gunzTarPerm extractEntry browser_build/package.json
417 silly gunzTarPerm modified mode [ 'browser_build/package.json', 420, 438 ]
418 silly gunzTarPerm extractEntry lib/win32/worker.cc
419 silly gunzTarPerm modified mode [ 'lib/win32/worker.cc', 420, 438 ]
420 silly gunzTarPerm extractEntry lib/win32/worker.h
421 silly gunzTarPerm modified mode [ 'lib/win32/worker.h', 420, 438 ]
422 silly gunzTarPerm extractEntry lib/win32/wrappers/security_credentials.js
423 silly gunzTarPerm modified mode [ 'lib/win32/wrappers/security_credentials.js', 420, 438 ]
424 silly gunzTarPerm extractEntry lib/win32/wrappers/security_buffer.js
425 silly gunzTarPerm modified mode [ 'lib/win32/wrappers/security_buffer.js', 420, 438 ]
426 silly gunzTarPerm extractEntry lib/win32/wrappers/security_buffer_descriptor.js
427 silly gunzTarPerm modified mode [ 'lib/win32/wrappers/security_buffer_descriptor.js', 420, 438 ]
428 silly gunzTarPerm extractEntry lib/win32/wrappers/security_context.js
429 silly gunzTarPerm modified mode [ 'lib/win32/wrappers/security_context.js', 420, 438 ]
430 silly gunzTarPerm extractEntry lib/win32/wrappers/security_buffer_descriptor.h
431 silly gunzTarPerm modified mode [ 'lib/win32/wrappers/security_buffer_descriptor.h', 420, 438 ]
432 silly gunzTarPerm extractEntry lib/win32/wrappers/security_buffer.cc
433 silly gunzTarPerm modified mode [ 'lib/win32/wrappers/security_buffer.cc', 420, 438 ]
434 silly gunzTarPerm extractEntry lib/win32/wrappers/security_buffer.h
435 silly gunzTarPerm modified mode [ 'lib/win32/wrappers/security_buffer.h', 420, 438 ]
436 silly gunzTarPerm extractEntry lib/win32/wrappers/security_context.h
437 silly gunzTarPerm modified mode [ 'lib/win32/wrappers/security_context.h', 420, 438 ]
438 silly gunzTarPerm extractEntry lib/win32/wrappers/security_buffer_descriptor.cc
439 silly gunzTarPerm modified mode [ 'lib/win32/wrappers/security_buffer_descriptor.cc', 420, 438 ]
440 silly gunzTarPerm extractEntry lib/win32/wrappers/security_credentials.cc
441 silly gunzTarPerm modified mode [ 'lib/win32/wrappers/security_credentials.cc', 420, 438 ]
442 silly gunzTarPerm extractEntry lib/win32/wrappers/security_credentials.h
443 silly gunzTarPerm modified mode [ 'lib/win32/wrappers/security_credentials.h', 420, 438 ]
444 silly gunzTarPerm extractEntry lib/win32/wrappers/security_context.cc
445 silly gunzTarPerm modified mode [ 'lib/win32/wrappers/security_context.cc', 420, 438 ]
446 silly gunzTarPerm extractEntry lib/worker.cc
447 silly gunzTarPerm modified mode [ 'lib/worker.cc', 420, 438 ]
448 silly gunzTarPerm extractEntry lib/worker.h
449 silly gunzTarPerm modified mode [ 'lib/worker.h', 420, 438 ]
450 silly gunzTarPerm extractEntry test/kerberos_tests.js
451 silly gunzTarPerm modified mode [ 'test/kerberos_tests.js', 420, 438 ]
452 silly gunzTarPerm extractEntry test/kerberos_win32_test.js
453 silly gunzTarPerm modified mode [ 'test/kerberos_win32_test.js', 420, 438 ]
454 silly gunzTarPerm extractEntry test/win32/security_buffer_descriptor_tests.js
455 silly gunzTarPerm modified mode [ 'test/win32/security_buffer_descriptor_tests.js', 420, 438 ]
456 silly gunzTarPerm extractEntry test/win32/security_buffer_tests.js
457 silly gunzTarPerm modified mode [ 'test/win32/security_buffer_tests.js', 420, 438 ]
458 silly gunzTarPerm extractEntry test/win32/security_credentials_tests.js
459 silly gunzTarPerm modified mode [ 'test/win32/security_credentials_tests.js', 420, 438 ]
460 silly gunzTarPerm extractEntry browser_build/bson.js
461 silly gunzTarPerm modified mode [ 'browser_build/bson.js', 420, 438 ]
462 silly gunzTarPerm extractEntry Makefile
463 silly gunzTarPerm modified mode [ 'Makefile', 420, 438 ]
464 silly gunzTarPerm extractEntry .travis.yml
465 silly gunzTarPerm modified mode [ '.travis.yml', 420, 438 ]
466 silly gunzTarPerm extractEntry builderror.log
467 silly gunzTarPerm modified mode [ 'builderror.log', 420, 438 ]
468 silly lockFile 44ede98b-odb-node-modules-readable-stream tar://C:\Users\Huanxin\Documents\GitHub\server\node_modules\mongodb\node_modules\readable-stream
469 silly lockFile 44ede98b-odb-node-modules-readable-stream tar://C:\Users\Huanxin\Documents\GitHub\server\node_modules\mongodb\node_modules\readable-stream
470 silly lockFile 2fe113ae-able-stream-1-0-27-1-package-tgz tar://C:\Users\Huanxin\AppData\Roaming\npm-cache\readable-stream\1.0.27-1\package.tgz
471 silly lockFile 2fe113ae-able-stream-1-0-27-1-package-tgz tar://C:\Users\Huanxin\AppData\Roaming\npm-cache\readable-stream\1.0.27-1\package.tgz
472 info preinstall readable-stream@1.0.27-1
473 verbose readDependencies using package.json deps
474 verbose readDependencies using package.json deps
475 verbose cache add [ 'core-util-is@~1.0.0', null ]
476 verbose cache add name=undefined spec="core-util-is@~1.0.0" args=["core-util-is@~1.0.0",null]
477 verbose parsed url { protocol: null,
477 verbose parsed url   slashes: null,
477 verbose parsed url   auth: null,
477 verbose parsed url   host: null,
477 verbose parsed url   port: null,
477 verbose parsed url   hostname: null,
477 verbose parsed url   hash: null,
477 verbose parsed url   search: null,
477 verbose parsed url   query: null,
477 verbose parsed url   pathname: 'core-util-is@~1.0.0',
477 verbose parsed url   path: 'core-util-is@~1.0.0',
477 verbose parsed url   href: 'core-util-is@~1.0.0' }
478 verbose cache add [ 'isarray@0.0.1', null ]
479 verbose cache add name=undefined spec="isarray@0.0.1" args=["isarray@0.0.1",null]
480 verbose parsed url { protocol: null,
480 verbose parsed url   slashes: null,
480 verbose parsed url   auth: null,
480 verbose parsed url   host: null,
480 verbose parsed url   port: null,
480 verbose parsed url   hostname: null,
480 verbose parsed url   hash: null,
480 verbose parsed url   search: null,
480 verbose parsed url   query: null,
480 verbose parsed url   pathname: 'isarray@0.0.1',
480 verbose parsed url   path: 'isarray@0.0.1',
480 verbose parsed url   href: 'isarray@0.0.1' }
481 verbose cache add [ 'string_decoder@~0.10.x', null ]
482 verbose cache add name=undefined spec="string_decoder@~0.10.x" args=["string_decoder@~0.10.x",null]
483 verbose parsed url { protocol: null,
483 verbose parsed url   slashes: null,
483 verbose parsed url   auth: null,
483 verbose parsed url   host: null,
483 verbose parsed url   port: null,
483 verbose parsed url   hostname: null,
483 verbose parsed url   hash: null,
483 verbose parsed url   search: null,
483 verbose parsed url   query: null,
483 verbose parsed url   pathname: 'string_decoder@~0.10.x',
483 verbose parsed url   path: 'string_decoder@~0.10.x',
483 verbose parsed url   href: 'string_decoder@~0.10.x' }
484 verbose cache add [ 'inherits@~2.0.1', null ]
485 verbose cache add name=undefined spec="inherits@~2.0.1" args=["inherits@~2.0.1",null]
486 verbose parsed url { protocol: null,
486 verbose parsed url   slashes: null,
486 verbose parsed url   auth: null,
486 verbose parsed url   host: null,
486 verbose parsed url   port: null,
486 verbose parsed url   hostname: null,
486 verbose parsed url   hash: null,
486 verbose parsed url   search: null,
486 verbose parsed url   query: null,
486 verbose parsed url   pathname: 'inherits@~2.0.1',
486 verbose parsed url   path: 'inherits@~2.0.1',
486 verbose parsed url   href: 'inherits@~2.0.1' }
487 verbose cache add name="core-util-is" spec="~1.0.0" args=["core-util-is","~1.0.0"]
488 verbose parsed url { protocol: null,
488 verbose parsed url   slashes: null,
488 verbose parsed url   auth: null,
488 verbose parsed url   host: null,
488 verbose parsed url   port: null,
488 verbose parsed url   hostname: null,
488 verbose parsed url   hash: null,
488 verbose parsed url   search: null,
488 verbose parsed url   query: null,
488 verbose parsed url   pathname: '~1.0.0',
488 verbose parsed url   path: '~1.0.0',
488 verbose parsed url   href: '~1.0.0' }
489 verbose addNamed [ 'core-util-is', '~1.0.0' ]
490 verbose addNamed [ null, '>=1.0.0-0 <1.1.0-0' ]
491 silly lockFile 577b60c4-core-util-is-1-0-0 core-util-is@~1.0.0
492 verbose lock core-util-is@~1.0.0 C:\Users\Huanxin\AppData\Roaming\npm-cache\577b60c4-core-util-is-1-0-0.lock
493 verbose cache add name="isarray" spec="0.0.1" args=["isarray","0.0.1"]
494 verbose parsed url { protocol: null,
494 verbose parsed url   slashes: null,
494 verbose parsed url   auth: null,
494 verbose parsed url   host: null,
494 verbose parsed url   port: null,
494 verbose parsed url   hostname: null,
494 verbose parsed url   hash: null,
494 verbose parsed url   search: null,
494 verbose parsed url   query: null,
494 verbose parsed url   pathname: '0.0.1',
494 verbose parsed url   path: '0.0.1',
494 verbose parsed url   href: '0.0.1' }
495 verbose addNamed [ 'isarray', '0.0.1' ]
496 verbose addNamed [ '0.0.1', '0.0.1' ]
497 silly lockFile 9efe11b1-isarray-0-0-1 isarray@0.0.1
498 verbose lock isarray@0.0.1 C:\Users\Huanxin\AppData\Roaming\npm-cache\9efe11b1-isarray-0-0-1.lock
499 verbose cache add name="string_decoder" spec="~0.10.x" args=["string_decoder","~0.10.x"]
500 verbose parsed url { protocol: null,
500 verbose parsed url   slashes: null,
500 verbose parsed url   auth: null,
500 verbose parsed url   host: null,
500 verbose parsed url   port: null,
500 verbose parsed url   hostname: null,
500 verbose parsed url   hash: null,
500 verbose parsed url   search: null,
500 verbose parsed url   query: null,
500 verbose parsed url   pathname: '~0.10.x',
500 verbose parsed url   path: '~0.10.x',
500 verbose parsed url   href: '~0.10.x' }
501 verbose addNamed [ 'string_decoder', '~0.10.x' ]
502 verbose addNamed [ null, '>=0.10.0-0 <0.11.0-0' ]
503 silly lockFile 8f75c97d-string-decoder-0-10-x string_decoder@~0.10.x
504 verbose lock string_decoder@~0.10.x C:\Users\Huanxin\AppData\Roaming\npm-cache\8f75c97d-string-decoder-0-10-x.lock
505 verbose cache add name="inherits" spec="~2.0.1" args=["inherits","~2.0.1"]
506 verbose parsed url { protocol: null,
506 verbose parsed url   slashes: null,
506 verbose parsed url   auth: null,
506 verbose parsed url   host: null,
506 verbose parsed url   port: null,
506 verbose parsed url   hostname: null,
506 verbose parsed url   hash: null,
506 verbose parsed url   search: null,
506 verbose parsed url   query: null,
506 verbose parsed url   pathname: '~2.0.1',
506 verbose parsed url   path: '~2.0.1',
506 verbose parsed url   href: '~2.0.1' }
507 verbose addNamed [ 'inherits', '~2.0.1' ]
508 verbose addNamed [ null, '>=2.0.1-0 <2.1.0-0' ]
509 silly lockFile 098ef39f-inherits-2-0-1 inherits@~2.0.1
510 verbose lock inherits@~2.0.1 C:\Users\Huanxin\AppData\Roaming\npm-cache\098ef39f-inherits-2-0-1.lock
511 silly addNameRange { name: 'core-util-is',
511 silly addNameRange   range: '>=1.0.0-0 <1.1.0-0',
511 silly addNameRange   hasData: false }
512 silly addNameRange { name: 'string_decoder',
512 silly addNameRange   range: '>=0.10.0-0 <0.11.0-0',
512 silly addNameRange   hasData: false }
513 silly addNameRange { name: 'inherits', range: '>=2.0.1-0 <2.1.0-0', hasData: false }
514 verbose request where is /core-util-is
515 verbose request registry https://registry.npmjs.org/
516 verbose url raw /core-util-is
517 verbose url resolving [ 'https://registry.npmjs.org/', './core-util-is' ]
518 verbose url resolved https://registry.npmjs.org/core-util-is
519 verbose request where is https://registry.npmjs.org/core-util-is
520 info trying registry request attempt 1 at 15:06:46
521 verbose etag "61C9HW8GFVPJPMZ8XME4IA2QB"
522 http GET https://registry.npmjs.org/core-util-is
523 verbose request where is /isarray
524 verbose request registry https://registry.npmjs.org/
525 verbose url raw /isarray
526 verbose url resolving [ 'https://registry.npmjs.org/', './isarray' ]
527 verbose url resolved https://registry.npmjs.org/isarray
528 verbose request where is https://registry.npmjs.org/isarray
529 info trying registry request attempt 1 at 15:06:46
530 verbose etag "6RHIG5BIFTXV2N4MZUTNYO8N8"
531 http GET https://registry.npmjs.org/isarray
532 verbose request where is /string_decoder
533 verbose request registry https://registry.npmjs.org/
534 verbose url raw /string_decoder
535 verbose url resolving [ 'https://registry.npmjs.org/', './string_decoder' ]
536 verbose url resolved https://registry.npmjs.org/string_decoder
537 verbose request where is https://registry.npmjs.org/string_decoder
538 info trying registry request attempt 1 at 15:06:46
539 verbose etag "4SD46ERYYRDBNGHXE52BV89XG"
540 http GET https://registry.npmjs.org/string_decoder
541 verbose request where is /inherits
542 verbose request registry https://registry.npmjs.org/
543 verbose url raw /inherits
544 verbose url resolving [ 'https://registry.npmjs.org/', './inherits' ]
545 verbose url resolved https://registry.npmjs.org/inherits
546 verbose request where is https://registry.npmjs.org/inherits
547 info trying registry request attempt 1 at 15:06:46
548 verbose etag "BCIWT1Q7RLZNUZRQ3GO6GVLNQ"
549 http GET https://registry.npmjs.org/inherits
550 silly gunzTarPerm extractEntry ext/index.js
551 silly gunzTarPerm modified mode [ 'ext/index.js', 420, 438 ]
552 silly gunzTarPerm extractEntry ext/Makefile
553 silly gunzTarPerm modified mode [ 'ext/Makefile', 420, 438 ]
554 silly gunzTarPerm extractEntry ext/bson.cc
555 silly gunzTarPerm modified mode [ 'ext/bson.cc', 420, 438 ]
556 silly gunzTarPerm extractEntry ext/bson.h
557 silly gunzTarPerm modified mode [ 'ext/bson.h', 420, 438 ]
558 silly gunzTarPerm extractEntry ext/win32/ia32/bson.node
559 silly gunzTarPerm modified mode [ 'ext/win32/ia32/bson.node', 420, 438 ]
560 silly gunzTarPerm extractEntry ext/win32/x64/bson.node
561 silly gunzTarPerm modified mode [ 'ext/win32/x64/bson.node', 420, 438 ]
562 http 304 https://registry.npmjs.org/isarray
563 silly registry.get cb [ 304,
563 silly registry.get   { date: 'Wed, 13 Aug 2014 22:06:47 GMT',
563 silly registry.get     server: 'Apache',
563 silly registry.get     via: '1.1 varnish',
563 silly registry.get     'last-modified': 'Wed, 13 Aug 2014 22:06:47 GMT',
563 silly registry.get     'cache-control': 'max-age=60',
563 silly registry.get     etag: '"6RHIG5BIFTXV2N4MZUTNYO8N8"',
563 silly registry.get     'x-served-by': 'cache-lax1431-LAX',
563 silly registry.get     'x-cache': 'HIT',
563 silly registry.get     'x-cache-hits': '1',
563 silly registry.get     'x-timer': 'S1407967607.907231,VS0,VE0',
563 silly registry.get     vary: 'Accept',
563 silly registry.get     'content-length': '0',
563 silly registry.get     'keep-alive': 'timeout=10, max=50',
563 silly registry.get     connection: 'Keep-Alive' } ]
564 verbose etag https://registry.npmjs.org/isarray from cache
565 http 304 https://registry.npmjs.org/core-util-is
566 silly registry.get cb [ 304,
566 silly registry.get   { date: 'Wed, 13 Aug 2014 22:06:47 GMT',
566 silly registry.get     server: 'Apache',
566 silly registry.get     via: '1.1 varnish',
566 silly registry.get     'last-modified': 'Wed, 13 Aug 2014 22:06:18 GMT',
566 silly registry.get     'cache-control': 'max-age=60',
566 silly registry.get     etag: '"61C9HW8GFVPJPMZ8XME4IA2QB"',
566 silly registry.get     'x-served-by': 'cache-lax1433-LAX',
566 silly registry.get     'x-cache': 'HIT',
566 silly registry.get     'x-cache-hits': '3',
566 silly registry.get     'x-timer': 'S1407967607.911193,VS0,VE0',
566 silly registry.get     vary: 'Accept',
566 silly registry.get     'content-length': '0',
566 silly registry.get     'keep-alive': 'timeout=10, max=50',
566 silly registry.get     connection: 'Keep-Alive' } ]
567 verbose etag https://registry.npmjs.org/core-util-is from cache
568 silly gunzTarPerm extractEntry ext/wscript
569 silly gunzTarPerm modified mode [ 'ext/wscript', 420, 438 ]
570 http 304 https://registry.npmjs.org/string_decoder
571 silly registry.get cb [ 304,
571 silly registry.get   { date: 'Wed, 13 Aug 2014 22:06:47 GMT',
571 silly registry.get     server: 'Apache',
571 silly registry.get     via: '1.1 varnish',
571 silly registry.get     'last-modified': 'Wed, 13 Aug 2014 22:06:27 GMT',
571 silly registry.get     'cache-control': 'max-age=60',
571 silly registry.get     etag: '"4SD46ERYYRDBNGHXE52BV89XG"',
571 silly registry.get     'x-served-by': 'cache-lax1433-LAX',
571 silly registry.get     'x-cache': 'HIT',
571 silly registry.get     'x-cache-hits': '2',
571 silly registry.get     'x-timer': 'S1407967607.914962,VS0,VE0',
571 silly registry.get     vary: 'Accept',
571 silly registry.get     'content-length': '0',
571 silly registry.get     'keep-alive': 'timeout=10, max=50',
571 silly registry.get     connection: 'Keep-Alive' } ]
572 verbose etag https://registry.npmjs.org/string_decoder from cache
573 http 304 https://registry.npmjs.org/inherits
574 silly registry.get cb [ 304,
574 silly registry.get   { date: 'Wed, 13 Aug 2014 22:06:47 GMT',
574 silly registry.get     server: 'Apache',
574 silly registry.get     via: '1.1 varnish',
574 silly registry.get     'last-modified': 'Wed, 13 Aug 2014 22:06:44 GMT',
574 silly registry.get     'cache-control': 'max-age=60',
574 silly registry.get     etag: '"BCIWT1Q7RLZNUZRQ3GO6GVLNQ"',
574 silly registry.get     'x-served-by': 'cache-lax1429-LAX',
574 silly registry.get     'x-cache': 'HIT',
574 silly registry.get     'x-cache-hits': '2',
574 silly registry.get     'x-timer': 'S1407967607.917360,VS0,VE0',
574 silly registry.get     vary: 'Accept',
574 silly registry.get     'content-length': '0',
574 silly registry.get     'keep-alive': 'timeout=10, max=50',
574 silly registry.get     connection: 'Keep-Alive' } ]
575 verbose etag https://registry.npmjs.org/inherits from cache
576 silly addNameRange number 2 { name: 'core-util-is',
576 silly addNameRange   range: '>=1.0.0-0 <1.1.0-0',
576 silly addNameRange   hasData: true }
577 silly addNameRange versions [ 'core-util-is', [ '1.0.0', '1.0.1' ] ]
578 verbose addNamed [ 'core-util-is', '1.0.1' ]
579 verbose addNamed [ '1.0.1', '1.0.1' ]
580 silly lockFile 40ef24cf-core-util-is-1-0-1 core-util-is@1.0.1
581 verbose lock core-util-is@1.0.1 C:\Users\Huanxin\AppData\Roaming\npm-cache\40ef24cf-core-util-is-1-0-1.lock
582 silly lockFile 9efe11b1-isarray-0-0-1 isarray@0.0.1
583 silly lockFile 9efe11b1-isarray-0-0-1 isarray@0.0.1
584 silly lockFile 40ef24cf-core-util-is-1-0-1 core-util-is@1.0.1
585 silly lockFile 40ef24cf-core-util-is-1-0-1 core-util-is@1.0.1
586 silly addNameRange number 2 { name: 'inherits', range: '>=2.0.1-0 <2.1.0-0', hasData: true }
587 silly addNameRange versions [ 'inherits', [ '1.0.0', '2.0.0', '2.0.1' ] ]
588 verbose addNamed [ 'inherits', '2.0.1' ]
589 verbose addNamed [ '2.0.1', '2.0.1' ]
590 silly lockFile 2b2e8f1b-inherits-2-0-1 inherits@2.0.1
591 verbose lock inherits@2.0.1 C:\Users\Huanxin\AppData\Roaming\npm-cache\2b2e8f1b-inherits-2-0-1.lock
592 silly addNameRange number 2 { name: 'string_decoder',
592 silly addNameRange   range: '>=0.10.0-0 <0.11.0-0',
592 silly addNameRange   hasData: true }
593 silly addNameRange versions [ 'string_decoder',
593 silly addNameRange   [ '0.0.0',
593 silly addNameRange     '0.0.1',
593 silly addNameRange     '0.10.24',
593 silly addNameRange     '0.11.10',
593 silly addNameRange     '0.10.25',
593 silly addNameRange     '0.11.10-1',
593 silly addNameRange     '0.10.25-1' ] ]
594 verbose addNamed [ 'string_decoder', '0.10.25-1' ]
595 verbose addNamed [ '0.10.25-1', '0.10.25-1' ]
596 silly lockFile 02308433-string-decoder-0-10-25-1 string_decoder@0.10.25-1
597 verbose lock string_decoder@0.10.25-1 C:\Users\Huanxin\AppData\Roaming\npm-cache\02308433-string-decoder-0-10-25-1.lock
598 silly lockFile 577b60c4-core-util-is-1-0-0 core-util-is@~1.0.0
599 silly lockFile 577b60c4-core-util-is-1-0-0 core-util-is@~1.0.0
600 silly lockFile 2b2e8f1b-inherits-2-0-1 inherits@2.0.1
601 silly lockFile 2b2e8f1b-inherits-2-0-1 inherits@2.0.1
602 silly lockFile 098ef39f-inherits-2-0-1 inherits@~2.0.1
603 silly lockFile 098ef39f-inherits-2-0-1 inherits@~2.0.1
604 silly lockFile 02308433-string-decoder-0-10-25-1 string_decoder@0.10.25-1
605 silly lockFile 02308433-string-decoder-0-10-25-1 string_decoder@0.10.25-1
606 silly lockFile 8f75c97d-string-decoder-0-10-x string_decoder@~0.10.x
607 silly lockFile 8f75c97d-string-decoder-0-10-x string_decoder@~0.10.x
608 silly gunzTarPerm extractEntry lib/bson/binary.js
609 silly gunzTarPerm modified mode [ 'lib/bson/binary.js', 420, 438 ]
610 silly gunzTarPerm extractEntry lib/bson/code.js
611 silly gunzTarPerm modified mode [ 'lib/bson/code.js', 420, 438 ]
612 silly gunzTarPerm extractEntry lib/bson/db_ref.js
613 silly gunzTarPerm modified mode [ 'lib/bson/db_ref.js', 420, 438 ]
614 silly gunzTarPerm extractEntry lib/bson/double.js
615 silly gunzTarPerm modified mode [ 'lib/bson/double.js', 420, 438 ]
616 silly resolved [ { name: 'isarray',
616 silly resolved     description: 'Array#isArray for older browsers',
616 silly resolved     version: '0.0.1',
616 silly resolved     repository:
616 silly resolved      { type: 'git',
616 silly resolved        url: 'git://github.com/juliangruber/isarray.git' },
616 silly resolved     homepage: 'https://github.com/juliangruber/isarray',
616 silly resolved     main: 'index.js',
616 silly resolved     scripts: { test: 'tap test/*.js' },
616 silly resolved     dependencies: {},
616 silly resolved     devDependencies: { tap: '*' },
616 silly resolved     keywords: [ 'browser', 'isarray', 'array' ],
616 silly resolved     author:
616 silly resolved      { name: 'Julian Gruber',
616 silly resolved        email: 'mail@juliangruber.com',
616 silly resolved        url: 'http://juliangruber.com' },
616 silly resolved     license: 'MIT',
616 silly resolved     readme: '\n# isarray\n\n`Array#isArray` for older browsers.\n\n## Usage\n\n```js\nvar isArray = require(\'isarray\');\n\nconsole.log(isArray([])); // => true\nconsole.log(isArray({})); // => false\n```\n\n## Installation\n\nWith [npm](http://npmjs.org) do\n\n```bash\n$ npm install isarray\n```\n\nThen bundle for the browser with\n[browserify](https://github.com/substack/browserify).\n\nWith [component](http://component.io) do\n\n```bash\n$ component install juliangruber/isarray\n```\n\n## License\n\n(MIT)\n\nCopyright (c) 2013 Julian Gruber &lt;julian@juliangruber.com&gt;\n\nPermission is hereby granted, free of charge, to any person obtaining a copy of\nthis software and associated documentation files (the "Software"), to deal in\nthe Software without restriction, including without limitation the rights to\nuse, copy, modify, merge, publish, distribute, sublicense, and/or sell copies\nof the Software, and to permit persons to whom the Software is furnished to do\nso, subject to the following conditions:\n\nThe above copyright notice and this permission notice shall be included in all\ncopies or substantial portions of the Software.\n\nTHE SOFTWARE IS PROVIDED "AS IS", WITHOUT WARRANTY OF ANY KIND, EXPRESS OR\nIMPLIED, INCLUDING BUT NOT LIMITED TO THE WARRANTIES OF MERCHANTABILITY,\nFITNESS FOR A PARTICULAR PURPOSE AND NONINFRINGEMENT. IN NO EVENT SHALL THE\nAUTHORS OR COPYRIGHT HOLDERS BE LIABLE FOR ANY CLAIM, DAMAGES OR OTHER\nLIABILITY, WHETHER IN AN ACTION OF CONTRACT, TORT OR OTHERWISE, ARISING FROM,\nOUT OF OR IN CONNECTION WITH THE SOFTWARE OR THE USE OR OTHER DEALINGS IN THE\nSOFTWARE.\n',
616 silly resolved     readmeFilename: 'README.md',
616 silly resolved     _id: 'isarray@0.0.1',
616 silly resolved     dist:
616 silly resolved      { shasum: '8a18acfca9a8f4177e09abfc6038939b05d1eedf',
616 silly resolved        tarball: 'http://registry.npmjs.org/isarray/-/isarray-0.0.1.tgz' },
616 silly resolved     _from: 'isarray@0.0.1',
616 silly resolved     _npmVersion: '1.2.18',
616 silly resolved     _npmUser: { name: 'juliangruber', email: 'julian@juliangruber.com' },
616 silly resolved     maintainers: [ [Object] ],
616 silly resolved     directories: {},
616 silly resolved     _shasum: '8a18acfca9a8f4177e09abfc6038939b05d1eedf',
616 silly resolved     _resolved: 'https://registry.npmjs.org/isarray/-/isarray-0.0.1.tgz',
616 silly resolved     bugs: { url: 'https://github.com/juliangruber/isarray/issues' } },
616 silly resolved   { name: 'core-util-is',
616 silly resolved     version: '1.0.1',
616 silly resolved     description: 'The `util.is*` functions introduced in Node v0.12.',
616 silly resolved     main: 'lib/util.js',
616 silly resolved     repository: { type: 'git', url: 'git://github.com/isaacs/core-util-is' },
616 silly resolved     keywords:
616 silly resolved      [ 'util',
616 silly resolved        'isBuffer',
616 silly resolved        'isArray',
616 silly resolved        'isNumber',
616 silly resolved        'isString',
616 silly resolved        'isRegExp',
616 silly resolved        'isThis',
616 silly resolved        'isThat',
616 silly resolved        'polyfill' ],
616 silly resolved     author:
616 silly resolved      { name: 'Isaac Z. Schlueter',
616 silly resolved        email: 'i@izs.me',
616 silly resolved        url: 'http://blog.izs.me/' },
616 silly resolved     license: 'MIT',
616 silly resolved     bugs: { url: 'https://github.com/isaacs/core-util-is/issues' },
616 silly resolved     readme: '# core-util-is\n\nThe `util.is*` functions introduced in Node v0.12.\n',
616 silly resolved     readmeFilename: 'README.md',
616 silly resolved     homepage: 'https://github.com/isaacs/core-util-is',
616 silly resolved     _id: 'core-util-is@1.0.1',
616 silly resolved     dist:
616 silly resolved      { shasum: '6b07085aef9a3ccac6ee53bf9d3df0c1521a5538',
616 silly resolved        tarball: 'http://registry.npmjs.org/core-util-is/-/core-util-is-1.0.1.tgz' },
616 silly resolved     _from: 'core-util-is@~1.0.0',
616 silly resolved     _npmVersion: '1.3.23',
616 silly resolved     _npmUser: { name: 'isaacs', email: 'i@izs.me' },
616 silly resolved     maintainers: [ [Object] ],
616 silly resolved     directories: {},
616 silly resolved     _shasum: '6b07085aef9a3ccac6ee53bf9d3df0c1521a5538',
616 silly resolved     _resolved: 'https://registry.npmjs.org/core-util-is/-/core-util-is-1.0.1.tgz' },
616 silly resolved   { name: 'inherits',
616 silly resolved     description: 'Browser-friendly inheritance fully compatible with standard node.js inherits()',
616 silly resolved     version: '2.0.1',
616 silly resolved     keywords:
616 silly resolved      [ 'inheritance',
616 silly resolved        'class',
616 silly resolved        'klass',
616 silly resolved        'oop',
616 silly resolved        'object-oriented',
616 silly resolved        'inherits',
616 silly resolved        'browser',
616 silly resolved        'browserify' ],
616 silly resolved     main: './inherits.js',
616 silly resolved     browser: './inherits_browser.js',
616 silly resolved     repository: { type: 'git', url: 'git://github.com/isaacs/inherits' },
616 silly resolved     license: 'ISC',
616 silly resolved     scripts: { test: 'node test' },
616 silly resolved     readme: 'Browser-friendly inheritance fully compatible with standard node.js\n[inherits](http://nodejs.org/api/util.html#util_util_inherits_constructor_superconstructor).\n\nThis package exports standard `inherits` from node.js `util` module in\nnode environment, but also provides alternative browser-friendly\nimplementation through [browser\nfield](https://gist.github.com/shtylman/4339901). Alternative\nimplementation is a literal copy of standard one located in standalone\nmodule to avoid requiring of `util`. It also has a shim for old\nbrowsers with no `Object.create` support.\n\nWhile keeping you sure you are using standard `inherits`\nimplementation in node.js environment, it allows bundlers such as\n[browserify](https://github.com/substack/node-browserify) to not\ninclude full `util` package to your client code if all you need is\njust `inherits` function. It worth, because browser shim for `util`\npackage is large and `inherits` is often the single function you need\nfrom it.\n\nIt\'s recommended to use this package instead of\n`require(\'util\').inherits` for any code that has chances to be used\nnot only in node.js but in browser too.\n\n## usage\n\n```js\nvar inherits = require(\'inherits\');\n// then use exactly as the standard one\n```\n\n## note on version ~1.0\n\nVersion ~1.0 had completely different motivation and is not compatible\nneither with 2.0 nor with standard node.js `inherits`.\n\nIf you are using version ~1.0 and planning to switch to ~2.0, be\ncareful:\n\n* new version uses `super_` instead of `super` for referencing\n  superclass\n* new version overwrites current prototype while old one preserves any\n  existing fields on it\n',
616 silly resolved     readmeFilename: 'README.md',
616 silly resolved     bugs: { url: 'https://github.com/isaacs/inherits/issues' },
616 silly resolved     _id: 'inherits@2.0.1',
616 silly resolved     dist:
616 silly resolved      { shasum: 'b17d08d326b4423e568eff719f91b0b1cbdf69f1',
616 silly resolved        tarball: 'http://registry.npmjs.org/inherits/-/inherits-2.0.1.tgz' },
616 silly resolved     _from: 'inherits@~2.0.1',
616 silly resolved     _npmVersion: '1.3.8',
616 silly resolved     _npmUser: { name: 'isaacs', email: 'i@izs.me' },
616 silly resolved     maintainers: [ [Object] ],
616 silly resolved     directories: {},
616 silly resolved     _shasum: 'b17d08d326b4423e568eff719f91b0b1cbdf69f1',
616 silly resolved     _resolved: 'https://registry.npmjs.org/inherits/-/inherits-2.0.1.tgz',
616 silly resolved     homepage: 'https://github.com/isaacs/inherits' },
616 silly resolved   { name: 'string_decoder',
616 silly resolved     version: '0.10.25-1',
616 silly resolved     description: 'The string_decoder module from Node core',
616 silly resolved     main: 'index.js',
616 silly resolved     dependencies: {},
616 silly resolved     devDependencies: { tap: '~0.4.8' },
616 silly resolved     scripts: { test: 'tap test/simple/*.js' },
616 silly resolved     repository:
616 silly resolved      { type: 'git',
616 silly resolved        url: 'git://github.com/rvagg/string_decoder.git' },
616 silly resolved     homepage: 'https://github.com/rvagg/string_decoder',
616 silly resolved     keywords: [ 'string', 'decoder', 'browser', 'browserify' ],
616 silly resolved     license: 'MIT',
616 silly resolved     bugs: { url: 'https://github.com/rvagg/string_decoder/issues' },
616 silly resolved     _id: 'string_decoder@0.10.25-1',
616 silly resolved     dist:
616 silly resolved      { shasum: 'f387babd95d23a2bb73b1fbf2cb3efab6f78baab',
616 silly resolved        tarball: 'http://registry.npmjs.org/string_decoder/-/string_decoder-0.10.25-1.tgz' },
616 silly resolved     _from: 'string_decoder@~0.10.x',
616 silly resolved     _npmVersion: '1.3.24',
616 silly resolved     _npmUser: { name: 'rvagg', email: 'rod@vagg.org' },
616 silly resolved     maintainers: [ [Object], [Object] ],
616 silly resolved     directories: {},
616 silly resolved     _shasum: 'f387babd95d23a2bb73b1fbf2cb3efab6f78baab',
616 silly resolved     _resolved: 'https://registry.npmjs.org/string_decoder/-/string_decoder-0.10.25-1.tgz',
616 silly resolved     readme: 'ERROR: No README data found!' } ]
617 info install isarray@0.0.1 into C:\Users\Huanxin\Documents\GitHub\server\node_modules\mongodb\node_modules\readable-stream
618 info install core-util-is@1.0.1 into C:\Users\Huanxin\Documents\GitHub\server\node_modules\mongodb\node_modules\readable-stream
619 info install inherits@2.0.1 into C:\Users\Huanxin\Documents\GitHub\server\node_modules\mongodb\node_modules\readable-stream
620 info install string_decoder@0.10.25-1 into C:\Users\Huanxin\Documents\GitHub\server\node_modules\mongodb\node_modules\readable-stream
621 info installOne isarray@0.0.1
622 info installOne core-util-is@1.0.1
623 info installOne inherits@2.0.1
624 info installOne string_decoder@0.10.25-1
625 verbose node_modules\mongodb\node_modules\readable-stream\node_modules\isarray unbuild
626 verbose node_modules\mongodb\node_modules\readable-stream\node_modules\core-util-is unbuild
627 verbose node_modules\mongodb\node_modules\readable-stream\node_modules\inherits unbuild
628 verbose node_modules\mongodb\node_modules\readable-stream\node_modules\string_decoder unbuild
629 verbose tar unpack C:\Users\Huanxin\AppData\Roaming\npm-cache\isarray\0.0.1\package.tgz
630 silly lockFile 4ed8d20e-able-stream-node-modules-isarray tar://C:\Users\Huanxin\Documents\GitHub\server\node_modules\mongodb\node_modules\readable-stream\node_modules\isarray
631 verbose lock tar://C:\Users\Huanxin\Documents\GitHub\server\node_modules\mongodb\node_modules\readable-stream\node_modules\isarray C:\Users\Huanxin\AppData\Roaming\npm-cache\4ed8d20e-able-stream-node-modules-isarray.lock
632 silly lockFile 32436091--cache-isarray-0-0-1-package-tgz tar://C:\Users\Huanxin\AppData\Roaming\npm-cache\isarray\0.0.1\package.tgz
633 verbose lock tar://C:\Users\Huanxin\AppData\Roaming\npm-cache\isarray\0.0.1\package.tgz C:\Users\Huanxin\AppData\Roaming\npm-cache\32436091--cache-isarray-0-0-1-package-tgz.lock
634 verbose tar unpack C:\Users\Huanxin\AppData\Roaming\npm-cache\core-util-is\1.0.1\package.tgz
635 silly lockFile fece7c2c-stream-node-modules-core-util-is tar://C:\Users\Huanxin\Documents\GitHub\server\node_modules\mongodb\node_modules\readable-stream\node_modules\core-util-is
636 verbose lock tar://C:\Users\Huanxin\Documents\GitHub\server\node_modules\mongodb\node_modules\readable-stream\node_modules\core-util-is C:\Users\Huanxin\AppData\Roaming\npm-cache\fece7c2c-stream-node-modules-core-util-is.lock
637 silly lockFile df9429d2-e-core-util-is-1-0-1-package-tgz tar://C:\Users\Huanxin\AppData\Roaming\npm-cache\core-util-is\1.0.1\package.tgz
638 verbose lock tar://C:\Users\Huanxin\AppData\Roaming\npm-cache\core-util-is\1.0.1\package.tgz C:\Users\Huanxin\AppData\Roaming\npm-cache\df9429d2-e-core-util-is-1-0-1-package-tgz.lock
639 verbose tar unpack C:\Users\Huanxin\AppData\Roaming\npm-cache\inherits\2.0.1\package.tgz
640 silly lockFile e04a2890-ble-stream-node-modules-inherits tar://C:\Users\Huanxin\Documents\GitHub\server\node_modules\mongodb\node_modules\readable-stream\node_modules\inherits
641 verbose lock tar://C:\Users\Huanxin\Documents\GitHub\server\node_modules\mongodb\node_modules\readable-stream\node_modules\inherits C:\Users\Huanxin\AppData\Roaming\npm-cache\e04a2890-ble-stream-node-modules-inherits.lock
642 silly lockFile c5f522df-cache-inherits-2-0-1-package-tgz tar://C:\Users\Huanxin\AppData\Roaming\npm-cache\inherits\2.0.1\package.tgz
643 verbose lock tar://C:\Users\Huanxin\AppData\Roaming\npm-cache\inherits\2.0.1\package.tgz C:\Users\Huanxin\AppData\Roaming\npm-cache\c5f522df-cache-inherits-2-0-1-package-tgz.lock
644 verbose tar unpack C:\Users\Huanxin\AppData\Roaming\npm-cache\string_decoder\0.10.25-1\package.tgz
645 silly lockFile 0e2e3d06-ream-node-modules-string-decoder tar://C:\Users\Huanxin\Documents\GitHub\server\node_modules\mongodb\node_modules\readable-stream\node_modules\string_decoder
646 verbose lock tar://C:\Users\Huanxin\Documents\GitHub\server\node_modules\mongodb\node_modules\readable-stream\node_modules\string_decoder C:\Users\Huanxin\AppData\Roaming\npm-cache\0e2e3d06-ream-node-modules-string-decoder.lock
647 silly lockFile a13ed3ab-ng-decoder-0-10-25-1-package-tgz tar://C:\Users\Huanxin\AppData\Roaming\npm-cache\string_decoder\0.10.25-1\package.tgz
648 verbose lock tar://C:\Users\Huanxin\AppData\Roaming\npm-cache\string_decoder\0.10.25-1\package.tgz C:\Users\Huanxin\AppData\Roaming\npm-cache\a13ed3ab-ng-decoder-0-10-25-1-package-tgz.lock
649 silly gunzTarPerm modes [ '777', '666' ]
650 silly gunzTarPerm modes [ '777', '666' ]
651 silly gunzTarPerm modes [ '777', '666' ]
652 silly gunzTarPerm modes [ '777', '666' ]
653 silly gunzTarPerm extractEntry package.json
654 silly gunzTarPerm modified mode [ 'package.json', 420, 438 ]
655 silly gunzTarPerm extractEntry package.json
656 silly gunzTarPerm modified mode [ 'package.json', 420, 438 ]
657 silly gunzTarPerm extractEntry package.json
658 silly gunzTarPerm modified mode [ 'package.json', 420, 438 ]
659 silly gunzTarPerm extractEntry README.md
660 silly gunzTarPerm modified mode [ 'README.md', 420, 438 ]
661 silly gunzTarPerm extractEntry util.js
662 silly gunzTarPerm modified mode [ 'util.js', 420, 438 ]
663 silly gunzTarPerm extractEntry package.json
664 silly gunzTarPerm modified mode [ 'package.json', 420, 438 ]
665 silly gunzTarPerm extractEntry README.md
666 silly gunzTarPerm modified mode [ 'README.md', 420, 438 ]
667 silly gunzTarPerm extractEntry index.js
668 silly gunzTarPerm modified mode [ 'index.js', 420, 438 ]
669 silly gunzTarPerm extractEntry README.md
670 silly gunzTarPerm modified mode [ 'README.md', 420, 438 ]
671 silly gunzTarPerm extractEntry LICENSE
672 silly gunzTarPerm modified mode [ 'LICENSE', 420, 438 ]
673 silly gunzTarPerm extractEntry float.patch
674 silly gunzTarPerm modified mode [ 'float.patch', 420, 438 ]
675 silly gunzTarPerm extractEntry lib/util.js
676 silly gunzTarPerm modified mode [ 'lib/util.js', 420, 438 ]
677 silly gunzTarPerm extractEntry .npmignore
678 silly gunzTarPerm modified mode [ '.npmignore', 420, 438 ]
679 silly gunzTarPerm extractEntry README.md
680 silly gunzTarPerm modified mode [ 'README.md', 420, 438 ]
681 silly gunzTarPerm extractEntry build/build.js
682 silly gunzTarPerm modified mode [ 'build/build.js', 420, 438 ]
683 silly gunzTarPerm extractEntry component.json
684 silly gunzTarPerm modified mode [ 'component.json', 420, 438 ]
685 silly gunzTarPerm extractEntry inherits.js
686 silly gunzTarPerm modified mode [ 'inherits.js', 420, 438 ]
687 silly gunzTarPerm extractEntry inherits_browser.js
688 silly gunzTarPerm modified mode [ 'inherits_browser.js', 420, 438 ]
689 silly gunzTarPerm extractEntry LICENSE
690 silly gunzTarPerm modified mode [ 'LICENSE', 420, 438 ]
691 silly gunzTarPerm extractEntry index.js
692 silly gunzTarPerm modified mode [ 'index.js', 420, 438 ]
693 silly gunzTarPerm extractEntry test.js
694 silly gunzTarPerm modified mode [ 'test.js', 420, 438 ]
695 silly lockFile edcfdcf2-es-mongodb-node-modules-kerberos tar://C:\Users\Huanxin\Documents\GitHub\server\node_modules\mongodb\node_modules\kerberos
696 silly lockFile edcfdcf2-es-mongodb-node-modules-kerberos tar://C:\Users\Huanxin\Documents\GitHub\server\node_modules\mongodb\node_modules\kerberos
697 silly lockFile 9ceaba9f-cache-kerberos-0-0-3-package-tgz tar://C:\Users\Huanxin\AppData\Roaming\npm-cache\kerberos\0.0.3\package.tgz
698 silly lockFile 9ceaba9f-cache-kerberos-0-0-3-package-tgz tar://C:\Users\Huanxin\AppData\Roaming\npm-cache\kerberos\0.0.3\package.tgz
699 info preinstall kerberos@0.0.3
700 verbose readDependencies using package.json deps
701 verbose readDependencies using package.json deps
702 silly resolved []
703 verbose about to build C:\Users\Huanxin\Documents\GitHub\server\node_modules\mongodb\node_modules\kerberos
704 info build C:\Users\Huanxin\Documents\GitHub\server\node_modules\mongodb\node_modules\kerberos
705 verbose linkStuff [ false,
705 verbose linkStuff   false,
705 verbose linkStuff   false,
705 verbose linkStuff   'C:\\Users\\Huanxin\\Documents\\GitHub\\server\\node_modules\\mongodb\\node_modules' ]
706 info linkStuff kerberos@0.0.3
707 verbose linkBins kerberos@0.0.3
708 verbose linkMans kerberos@0.0.3
709 verbose rebuildBundles kerberos@0.0.3
710 info install kerberos@0.0.3
711 verbose unsafe-perm in lifecycle true
712 error Error: spawn ENOENT
712 error     at errnoException (child_process.js:1001:11)
712 error     at Process.ChildProcess._handle.onexit (child_process.js:792:34)
713 error If you need help, you may report this *entire* log,
713 error including the npm and node versions, at:
713 error     <http://github.com/npm/npm/issues>
714 error System Windows_NT 6.2.9200
715 error command "C:\\Program Files\\nodejs\\\\node.exe" "C:\\Program Files\\nodejs\\node_modules\\npm\\bin\\npm-cli.js" "install" "mongodb"
716 error cwd C:\Users\Huanxin\Documents\GitHub\server
717 error node -v v0.10.30
718 error npm -v 1.4.21
719 error syscall spawn
720 error code ENOENT
721 error errno ENOENT
722 verbose exit [ 1, true ]
